{"C:\\Users\\erodionova\\Documents\\Git\\REACT2024Q3\\class-components\\src\\App.tsx": {"path":"C:\\Users\\erodionova\\Documents\\Git\\REACT2024Q3\\class-components\\src\\App.tsx","all":false,"statementMap":{"0":{"start":{"line":1,"column":0},"end":{"line":1,"column":26}},"1":{"start":{"line":2,"column":0},"end":{"line":2,"column":39}},"2":{"start":{"line":3,"column":0},"end":{"line":3,"column":50}},"4":{"start":{"line":5,"column":0},"end":{"line":5,"column":43}},"5":{"start":{"line":6,"column":0},"end":{"line":6,"column":69}},"6":{"start":{"line":7,"column":0},"end":{"line":7,"column":30}},"8":{"start":{"line":9,"column":0},"end":{"line":9,"column":19}},"10":{"start":{"line":11,"column":0},"end":{"line":11,"column":27}},"12":{"start":{"line":13,"column":0},"end":{"line":13,"column":16}},"13":{"start":{"line":14,"column":0},"end":{"line":14,"column":10}},"14":{"start":{"line":15,"column":0},"end":{"line":15,"column":28}},"15":{"start":{"line":16,"column":0},"end":{"line":16,"column":24}},"16":{"start":{"line":17,"column":0},"end":{"line":17,"column":23}},"17":{"start":{"line":18,"column":0},"end":{"line":18,"column":44}},"18":{"start":{"line":19,"column":0},"end":{"line":19,"column":24}},"19":{"start":{"line":20,"column":0},"end":{"line":20,"column":25}},"20":{"start":{"line":21,"column":0},"end":{"line":21,"column":15}},"22":{"start":{"line":23,"column":0},"end":{"line":23,"column":1}},"24":{"start":{"line":25,"column":0},"end":{"line":25,"column":19}}},"s":{"0":1,"1":1,"2":1,"4":1,"5":1,"6":1,"8":1,"10":1,"12":1,"13":1,"14":1,"15":1,"16":1,"17":1,"18":1,"19":1,"20":1,"22":1,"24":1},"branchMap":{"0":{"type":"branch","line":13,"loc":{"start":{"line":13,"column":0},"end":{"line":23,"column":1}},"locations":[{"start":{"line":13,"column":0},"end":{"line":23,"column":1}}]}},"b":{"0":[1]},"fnMap":{"0":{"name":"App","decl":{"start":{"line":13,"column":0},"end":{"line":23,"column":1}},"loc":{"start":{"line":13,"column":0},"end":{"line":23,"column":1}},"line":13}},"f":{"0":1}}
,"C:\\Users\\erodionova\\Documents\\Git\\REACT2024Q3\\class-components\\src\\main.tsx": {"path":"C:\\Users\\erodionova\\Documents\\Git\\REACT2024Q3\\class-components\\src\\main.tsx","all":true,"statementMap":{"0":{"start":{"line":1,"column":0},"end":{"line":1,"column":40}},"2":{"start":{"line":3,"column":0},"end":{"line":3,"column":24}},"4":{"start":{"line":5,"column":0},"end":{"line":5,"column":21}},"6":{"start":{"line":7,"column":0},"end":{"line":7,"column":70}}},"s":{"0":0,"2":0,"4":0,"6":0},"branchMap":{"0":{"type":"branch","line":1,"loc":{"start":{"line":1,"column":161},"end":{"line":7,"column":70}},"locations":[{"start":{"line":1,"column":161},"end":{"line":7,"column":70}}]}},"b":{"0":[0]},"fnMap":{"0":{"name":"(empty-report)","decl":{"start":{"line":1,"column":161},"end":{"line":7,"column":70}},"loc":{"start":{"line":1,"column":161},"end":{"line":7,"column":70}},"line":1}},"f":{"0":0}}
,"C:\\Users\\erodionova\\Documents\\Git\\REACT2024Q3\\class-components\\src\\router.tsx": {"path":"C:\\Users\\erodionova\\Documents\\Git\\REACT2024Q3\\class-components\\src\\router.tsx","all":false,"statementMap":{"0":{"start":{"line":1,"column":0},"end":{"line":1,"column":55}},"2":{"start":{"line":3,"column":0},"end":{"line":3,"column":43}},"3":{"start":{"line":4,"column":0},"end":{"line":4,"column":49}},"4":{"start":{"line":5,"column":0},"end":{"line":5,"column":52}},"5":{"start":{"line":6,"column":0},"end":{"line":6,"column":51}},"7":{"start":{"line":8,"column":0},"end":{"line":8,"column":36}},"8":{"start":{"line":9,"column":0},"end":{"line":9,"column":3}},"9":{"start":{"line":10,"column":0},"end":{"line":10,"column":14}},"10":{"start":{"line":11,"column":0},"end":{"line":11,"column":24}},"11":{"start":{"line":12,"column":0},"end":{"line":12,"column":15}},"12":{"start":{"line":13,"column":0},"end":{"line":13,"column":7}},"13":{"start":{"line":14,"column":0},"end":{"line":14,"column":17}},"14":{"start":{"line":15,"column":0},"end":{"line":15,"column":30}},"15":{"start":{"line":16,"column":0},"end":{"line":16,"column":19}},"16":{"start":{"line":17,"column":0},"end":{"line":17,"column":11}},"17":{"start":{"line":18,"column":0},"end":{"line":18,"column":37}},"18":{"start":{"line":19,"column":0},"end":{"line":19,"column":33}},"20":{"start":{"line":21,"column":0},"end":{"line":21,"column":12}},"21":{"start":{"line":22,"column":0},"end":{"line":22,"column":10}},"22":{"start":{"line":23,"column":0},"end":{"line":23,"column":8}},"23":{"start":{"line":24,"column":0},"end":{"line":24,"column":7}},"24":{"start":{"line":25,"column":0},"end":{"line":25,"column":22}},"25":{"start":{"line":26,"column":0},"end":{"line":26,"column":31}},"26":{"start":{"line":27,"column":0},"end":{"line":27,"column":8}},"27":{"start":{"line":28,"column":0},"end":{"line":28,"column":6}},"28":{"start":{"line":29,"column":0},"end":{"line":29,"column":4}},"29":{"start":{"line":30,"column":0},"end":{"line":30,"column":3}},"30":{"start":{"line":31,"column":0},"end":{"line":31,"column":14}},"31":{"start":{"line":32,"column":0},"end":{"line":32,"column":27}},"32":{"start":{"line":33,"column":0},"end":{"line":33,"column":4}},"33":{"start":{"line":34,"column":0},"end":{"line":34,"column":3}},"35":{"start":{"line":36,"column":0},"end":{"line":36,"column":22}}},"s":{"0":1,"2":1,"3":1,"4":1,"5":1,"7":1,"8":1,"9":1,"10":1,"11":1,"12":1,"13":1,"14":1,"15":1,"16":1,"17":1,"18":1,"20":1,"21":1,"22":1,"23":1,"24":1,"25":1,"26":1,"27":1,"28":1,"29":1,"30":1,"31":1,"32":1,"33":1,"35":1},"branchMap":{},"b":{},"fnMap":{},"f":{}}
,"C:\\Users\\erodionova\\Documents\\Git\\REACT2024Q3\\class-components\\src\\components\\Button\\Button.tsx": {"path":"C:\\Users\\erodionova\\Documents\\Git\\REACT2024Q3\\class-components\\src\\components\\Button\\Button.tsx","all":false,"statementMap":{"0":{"start":{"line":1,"column":0},"end":{"line":1,"column":41}},"10":{"start":{"line":11,"column":0},"end":{"line":11,"column":32}},"11":{"start":{"line":12,"column":0},"end":{"line":12,"column":11}},"12":{"start":{"line":13,"column":0},"end":{"line":13,"column":17}},"13":{"start":{"line":14,"column":0},"end":{"line":14,"column":21}},"14":{"start":{"line":15,"column":0},"end":{"line":15,"column":19}},"15":{"start":{"line":16,"column":0},"end":{"line":16,"column":18}},"16":{"start":{"line":17,"column":0},"end":{"line":17,"column":17}},"17":{"start":{"line":18,"column":0},"end":{"line":18,"column":10}},"18":{"start":{"line":19,"column":0},"end":{"line":19,"column":11}},"19":{"start":{"line":20,"column":0},"end":{"line":20,"column":49}},"20":{"start":{"line":21,"column":0},"end":{"line":21,"column":23}},"21":{"start":{"line":22,"column":0},"end":{"line":22,"column":25}},"22":{"start":{"line":23,"column":0},"end":{"line":23,"column":52}},"24":{"start":{"line":25,"column":0},"end":{"line":25,"column":16}},"25":{"start":{"line":26,"column":0},"end":{"line":26,"column":13}},"27":{"start":{"line":28,"column":0},"end":{"line":28,"column":1}}},"s":{"0":1,"10":29,"11":29,"12":29,"13":29,"14":29,"15":29,"16":29,"17":29,"18":29,"19":29,"20":29,"21":29,"22":29,"24":29,"25":29,"27":29},"branchMap":{"0":{"type":"branch","line":11,"loc":{"start":{"line":11,"column":0},"end":{"line":28,"column":1}},"locations":[{"start":{"line":11,"column":0},"end":{"line":28,"column":1}}]},"1":{"type":"branch","line":23,"loc":{"start":{"line":23,"column":21},"end":{"line":23,"column":43}},"locations":[{"start":{"line":23,"column":21},"end":{"line":23,"column":43}}]},"2":{"type":"branch","line":23,"loc":{"start":{"line":23,"column":32},"end":{"line":23,"column":52}},"locations":[{"start":{"line":23,"column":32},"end":{"line":23,"column":52}}]},"3":{"type":"branch","line":14,"loc":{"start":{"line":14,"column":12},"end":{"line":14,"column":21}},"locations":[{"start":{"line":14,"column":12},"end":{"line":14,"column":21}}]}},"b":{"0":[29],"1":[25],"2":[4],"3":[1]},"fnMap":{"0":{"name":"Button","decl":{"start":{"line":11,"column":0},"end":{"line":28,"column":1}},"loc":{"start":{"line":11,"column":0},"end":{"line":28,"column":1}},"line":11},"1":{"name":"onClick","decl":{"start":{"line":14,"column":12},"end":{"line":14,"column":21}},"loc":{"start":{"line":14,"column":12},"end":{"line":14,"column":21}},"line":14}},"f":{"0":29,"1":1}}
,"C:\\Users\\erodionova\\Documents\\Git\\REACT2024Q3\\class-components\\src\\components\\Card\\Card.tsx": {"path":"C:\\Users\\erodionova\\Documents\\Git\\REACT2024Q3\\class-components\\src\\components\\Card\\Card.tsx","all":false,"statementMap":{"0":{"start":{"line":1,"column":0},"end":{"line":1,"column":44}},"1":{"start":{"line":2,"column":0},"end":{"line":2,"column":53}},"2":{"start":{"line":3,"column":0},"end":{"line":3,"column":70}},"5":{"start":{"line":6,"column":0},"end":{"line":6,"column":56}},"7":{"start":{"line":8,"column":0},"end":{"line":8,"column":39}},"14":{"start":{"line":15,"column":0},"end":{"line":15,"column":48}},"15":{"start":{"line":16,"column":0},"end":{"line":16,"column":34}},"16":{"start":{"line":17,"column":0},"end":{"line":17,"column":33}},"17":{"start":{"line":18,"column":0},"end":{"line":18,"column":45}},"19":{"start":{"line":20,"column":0},"end":{"line":20,"column":66}},"20":{"start":{"line":21,"column":0},"end":{"line":21,"column":53}},"21":{"start":{"line":22,"column":0},"end":{"line":22,"column":36}},"23":{"start":{"line":24,"column":0},"end":{"line":24,"column":45}},"24":{"start":{"line":25,"column":0},"end":{"line":25,"column":41}},"25":{"start":{"line":26,"column":0},"end":{"line":26,"column":4}},"27":{"start":{"line":28,"column":0},"end":{"line":28,"column":19}},"28":{"start":{"line":29,"column":0},"end":{"line":29,"column":55}},"29":{"start":{"line":30,"column":0},"end":{"line":30,"column":14}},"31":{"start":{"line":32,"column":0},"end":{"line":32,"column":77}},"32":{"start":{"line":33,"column":0},"end":{"line":33,"column":37}},"33":{"start":{"line":34,"column":0},"end":{"line":34,"column":26}},"34":{"start":{"line":35,"column":0},"end":{"line":35,"column":18}},"35":{"start":{"line":36,"column":0},"end":{"line":36,"column":46}},"36":{"start":{"line":37,"column":0},"end":{"line":37,"column":12}},"37":{"start":{"line":38,"column":0},"end":{"line":38,"column":31}},"38":{"start":{"line":39,"column":0},"end":{"line":39,"column":5}},"39":{"start":{"line":40,"column":0},"end":{"line":40,"column":3}},"40":{"start":{"line":41,"column":0},"end":{"line":41,"column":10}},"41":{"start":{"line":42,"column":0},"end":{"line":42,"column":9}},"42":{"start":{"line":43,"column":0},"end":{"line":43,"column":36}},"43":{"start":{"line":44,"column":0},"end":{"line":44,"column":14}},"44":{"start":{"line":45,"column":0},"end":{"line":45,"column":31}},"45":{"start":{"line":46,"column":0},"end":{"line":46,"column":25}},"46":{"start":{"line":47,"column":0},"end":{"line":47,"column":29}},"47":{"start":{"line":48,"column":0},"end":{"line":48,"column":41}},"48":{"start":{"line":49,"column":0},"end":{"line":49,"column":54}},"49":{"start":{"line":50,"column":0},"end":{"line":50,"column":10}},"50":{"start":{"line":51,"column":0},"end":{"line":51,"column":42}},"51":{"start":{"line":52,"column":0},"end":{"line":52,"column":15}},"52":{"start":{"line":53,"column":0},"end":{"line":53,"column":43}},"53":{"start":{"line":54,"column":0},"end":{"line":54,"column":33}},"54":{"start":{"line":55,"column":0},"end":{"line":55,"column":38}},"55":{"start":{"line":56,"column":0},"end":{"line":56,"column":14}},"57":{"start":{"line":58,"column":0},"end":{"line":58,"column":37}},"58":{"start":{"line":59,"column":0},"end":{"line":59,"column":17}},"59":{"start":{"line":60,"column":0},"end":{"line":60,"column":16}},"60":{"start":{"line":61,"column":0},"end":{"line":61,"column":12}},"61":{"start":{"line":62,"column":0},"end":{"line":62,"column":10}},"62":{"start":{"line":63,"column":0},"end":{"line":63,"column":52}},"63":{"start":{"line":64,"column":0},"end":{"line":64,"column":44}},"64":{"start":{"line":65,"column":0},"end":{"line":65,"column":11}},"65":{"start":{"line":66,"column":0},"end":{"line":66,"column":10}},"67":{"start":{"line":68,"column":0},"end":{"line":68,"column":1}}},"s":{"0":1,"1":1,"2":1,"5":1,"7":1,"14":9,"15":9,"16":9,"17":9,"19":9,"20":9,"21":9,"23":9,"24":9,"25":9,"27":9,"28":7,"29":9,"31":9,"32":2,"33":2,"34":2,"35":1,"36":1,"37":1,"38":1,"39":2,"40":9,"41":9,"42":9,"43":9,"44":9,"45":9,"46":9,"47":9,"48":9,"49":9,"50":9,"51":9,"52":9,"53":9,"54":0,"55":0,"57":9,"58":9,"59":9,"60":9,"61":9,"62":9,"63":9,"64":9,"65":9,"67":9},"branchMap":{"0":{"type":"branch","line":15,"loc":{"start":{"line":15,"column":0},"end":{"line":68,"column":1}},"locations":[{"start":{"line":15,"column":0},"end":{"line":68,"column":1}}]},"1":{"type":"branch","line":20,"loc":{"start":{"line":20,"column":35},"end":{"line":20,"column":64}},"locations":[{"start":{"line":20,"column":35},"end":{"line":20,"column":64}}]},"2":{"type":"branch","line":25,"loc":{"start":{"line":25,"column":15},"end":{"line":25,"column":39}},"locations":[{"start":{"line":25,"column":15},"end":{"line":25,"column":39}}]},"3":{"type":"branch","line":28,"loc":{"start":{"line":28,"column":12},"end":{"line":30,"column":5}},"locations":[{"start":{"line":28,"column":12},"end":{"line":30,"column":5}}]},"4":{"type":"branch","line":29,"loc":{"start":{"line":29,"column":28},"end":{"line":29,"column":52}},"locations":[{"start":{"line":29,"column":28},"end":{"line":29,"column":52}}]},"5":{"type":"branch","line":32,"loc":{"start":{"line":32,"column":2},"end":{"line":40,"column":3}},"locations":[{"start":{"line":32,"column":2},"end":{"line":40,"column":3}}]},"6":{"type":"branch","line":35,"loc":{"start":{"line":35,"column":17},"end":{"line":39,"column":5}},"locations":[{"start":{"line":35,"column":17},"end":{"line":39,"column":5}}]},"7":{"type":"branch","line":49,"loc":{"start":{"line":49,"column":19},"end":{"line":49,"column":54}},"locations":[{"start":{"line":49,"column":19},"end":{"line":49,"column":54}}]}},"b":{"0":[9],"1":[16],"2":[4],"3":[7],"4":[3],"5":[2],"6":[1],"7":[2]},"fnMap":{"0":{"name":"Card","decl":{"start":{"line":15,"column":0},"end":{"line":68,"column":1}},"loc":{"start":{"line":15,"column":0},"end":{"line":68,"column":1}},"line":15},"1":{"name":"handleCheckboxChange","decl":{"start":{"line":32,"column":2},"end":{"line":40,"column":3}},"loc":{"start":{"line":32,"column":2},"end":{"line":40,"column":3}},"line":32},"2":{"name":"onClick","decl":{"start":{"line":49,"column":19},"end":{"line":49,"column":54}},"loc":{"start":{"line":49,"column":19},"end":{"line":49,"column":54}},"line":49},"3":{"name":"onClick","decl":{"start":{"line":54,"column":21},"end":{"line":56,"column":14}},"loc":{"start":{"line":54,"column":21},"end":{"line":56,"column":14}},"line":54}},"f":{"0":9,"1":2,"2":2,"3":0}}
,"C:\\Users\\erodionova\\Documents\\Git\\REACT2024Q3\\class-components\\src\\components\\CardList\\CardList.tsx": {"path":"C:\\Users\\erodionova\\Documents\\Git\\REACT2024Q3\\class-components\\src\\components\\CardList\\CardList.tsx","all":false,"statementMap":{"0":{"start":{"line":1,"column":0},"end":{"line":1,"column":47}},"1":{"start":{"line":2,"column":0},"end":{"line":2,"column":54}},"2":{"start":{"line":3,"column":0},"end":{"line":3,"column":60}},"4":{"start":{"line":5,"column":0},"end":{"line":5,"column":32}},"5":{"start":{"line":6,"column":0},"end":{"line":6,"column":41}},"6":{"start":{"line":7,"column":0},"end":{"line":7,"column":50}},"8":{"start":{"line":9,"column":0},"end":{"line":9,"column":60}},"10":{"start":{"line":11,"column":0},"end":{"line":11,"column":43}},"12":{"start":{"line":13,"column":0},"end":{"line":13,"column":36}},"13":{"start":{"line":14,"column":0},"end":{"line":14,"column":73}},"14":{"start":{"line":15,"column":0},"end":{"line":15,"column":71}},"16":{"start":{"line":17,"column":0},"end":{"line":17,"column":33}},"18":{"start":{"line":19,"column":0},"end":{"line":19,"column":79}},"19":{"start":{"line":20,"column":0},"end":{"line":20,"column":10}},"20":{"start":{"line":21,"column":0},"end":{"line":21,"column":9}},"21":{"start":{"line":22,"column":0},"end":{"line":22,"column":5}},"23":{"start":{"line":24,"column":0},"end":{"line":24,"column":36}},"24":{"start":{"line":25,"column":0},"end":{"line":25,"column":46}},"25":{"start":{"line":26,"column":0},"end":{"line":26,"column":4}},"27":{"start":{"line":28,"column":0},"end":{"line":28,"column":74}},"28":{"start":{"line":29,"column":0},"end":{"line":29,"column":32}},"29":{"start":{"line":30,"column":0},"end":{"line":30,"column":27}},"30":{"start":{"line":31,"column":0},"end":{"line":31,"column":5}},"31":{"start":{"line":32,"column":0},"end":{"line":32,"column":4}},"33":{"start":{"line":34,"column":0},"end":{"line":34,"column":37}},"35":{"start":{"line":36,"column":0},"end":{"line":36,"column":14}},"36":{"start":{"line":37,"column":0},"end":{"line":37,"column":12}},"37":{"start":{"line":38,"column":0},"end":{"line":38,"column":11}},"39":{"start":{"line":40,"column":0},"end":{"line":40,"column":12}},"42":{"start":{"line":43,"column":0},"end":{"line":43,"column":10}},"43":{"start":{"line":44,"column":0},"end":{"line":44,"column":6}},"44":{"start":{"line":45,"column":0},"end":{"line":45,"column":10}},"45":{"start":{"line":46,"column":0},"end":{"line":46,"column":35}},"46":{"start":{"line":47,"column":0},"end":{"line":47,"column":36}},"47":{"start":{"line":48,"column":0},"end":{"line":48,"column":21}},"48":{"start":{"line":49,"column":0},"end":{"line":49,"column":20}},"49":{"start":{"line":50,"column":0},"end":{"line":50,"column":34}},"50":{"start":{"line":51,"column":0},"end":{"line":51,"column":34}},"52":{"start":{"line":53,"column":0},"end":{"line":53,"column":68}},"53":{"start":{"line":54,"column":0},"end":{"line":54,"column":38}},"54":{"start":{"line":55,"column":0},"end":{"line":55,"column":48}},"55":{"start":{"line":56,"column":0},"end":{"line":56,"column":68}},"56":{"start":{"line":57,"column":0},"end":{"line":57,"column":22}},"57":{"start":{"line":58,"column":0},"end":{"line":58,"column":11}},"58":{"start":{"line":59,"column":0},"end":{"line":59,"column":12}},"59":{"start":{"line":60,"column":0},"end":{"line":60,"column":52}},"60":{"start":{"line":61,"column":0},"end":{"line":61,"column":7}},"62":{"start":{"line":63,"column":0},"end":{"line":63,"column":1}}},"s":{"0":1,"1":1,"2":1,"4":1,"5":1,"6":1,"8":1,"10":1,"12":5,"13":5,"14":5,"16":5,"18":5,"19":5,"20":5,"21":5,"23":5,"24":1,"25":1,"27":5,"28":0,"29":0,"30":0,"31":0,"33":5,"35":4,"36":4,"37":1,"39":1,"42":3,"43":3,"44":3,"45":3,"46":3,"47":3,"48":3,"49":3,"50":3,"52":5,"53":5,"54":8,"55":8,"56":0,"57":5,"58":5,"59":5,"60":5,"62":5},"branchMap":{"0":{"type":"branch","line":13,"loc":{"start":{"line":13,"column":0},"end":{"line":63,"column":1}},"locations":[{"start":{"line":13,"column":0},"end":{"line":63,"column":1}}]},"1":{"type":"branch","line":34,"loc":{"start":{"line":34,"column":18},"end":{"line":34,"column":37}},"locations":[{"start":{"line":34,"column":18},"end":{"line":34,"column":37}}]},"2":{"type":"branch","line":34,"loc":{"start":{"line":34,"column":34},"end":{"line":37,"column":12}},"locations":[{"start":{"line":34,"column":34},"end":{"line":37,"column":12}}]},"3":{"type":"branch","line":37,"loc":{"start":{"line":37,"column":4},"end":{"line":40,"column":12}},"locations":[{"start":{"line":37,"column":4},"end":{"line":40,"column":12}}]},"4":{"type":"branch","line":40,"loc":{"start":{"line":40,"column":6},"end":{"line":53,"column":23}},"locations":[{"start":{"line":40,"column":6},"end":{"line":53,"column":23}}]},"5":{"type":"branch","line":53,"loc":{"start":{"line":53,"column":34},"end":{"line":53,"column":68}},"locations":[{"start":{"line":53,"column":34},"end":{"line":53,"column":68}}]},"6":{"type":"branch","line":54,"loc":{"start":{"line":54,"column":9},"end":{"line":54,"column":23}},"locations":[{"start":{"line":54,"column":9},"end":{"line":54,"column":23}}]},"7":{"type":"branch","line":60,"loc":{"start":{"line":60,"column":7},"end":{"line":60,"column":21}},"locations":[{"start":{"line":60,"column":7},"end":{"line":60,"column":21}}]},"8":{"type":"branch","line":60,"loc":{"start":{"line":60,"column":32},"end":{"line":60,"column":52}},"locations":[{"start":{"line":60,"column":32},"end":{"line":60,"column":52}}]},"9":{"type":"branch","line":14,"loc":{"start":{"line":14,"column":35},"end":{"line":14,"column":71}},"locations":[{"start":{"line":14,"column":35},"end":{"line":14,"column":71}}]},"10":{"type":"branch","line":15,"loc":{"start":{"line":15,"column":34},"end":{"line":15,"column":69}},"locations":[{"start":{"line":15,"column":34},"end":{"line":15,"column":69}}]},"11":{"type":"branch","line":24,"loc":{"start":{"line":24,"column":29},"end":{"line":26,"column":4}},"locations":[{"start":{"line":24,"column":29},"end":{"line":26,"column":4}}]},"12":{"type":"branch","line":54,"loc":{"start":{"line":54,"column":27},"end":{"line":58,"column":9}},"locations":[{"start":{"line":54,"column":27},"end":{"line":58,"column":9}}]},"13":{"type":"branch","line":56,"loc":{"start":{"line":56,"column":65},"end":{"line":57,"column":22}},"locations":[{"start":{"line":56,"column":65},"end":{"line":57,"column":22}}]}},"b":{"0":[5],"1":[1],"2":[4],"3":[1],"4":[3],"5":[1],"6":[3],"7":[3],"8":[2],"9":[10],"10":[10],"11":[1],"12":[8],"13":[0]},"fnMap":{"0":{"name":"CardList","decl":{"start":{"line":13,"column":0},"end":{"line":63,"column":1}},"loc":{"start":{"line":13,"column":0},"end":{"line":63,"column":1}},"line":13},"1":{"name":"handelCloseDetails","decl":{"start":{"line":24,"column":29},"end":{"line":26,"column":4}},"loc":{"start":{"line":24,"column":29},"end":{"line":26,"column":4}},"line":24},"2":{"name":"handleKeyPress","decl":{"start":{"line":28,"column":25},"end":{"line":32,"column":4}},"loc":{"start":{"line":28,"column":25},"end":{"line":32,"column":4}},"line":28}},"f":{"0":5,"1":1,"2":0}}
,"C:\\Users\\erodionova\\Documents\\Git\\REACT2024Q3\\class-components\\src\\components\\Close\\Close.tsx": {"path":"C:\\Users\\erodionova\\Documents\\Git\\REACT2024Q3\\class-components\\src\\components\\Close\\Close.tsx","all":false,"statementMap":{"0":{"start":{"line":1,"column":0},"end":{"line":1,"column":40}},"6":{"start":{"line":7,"column":0},"end":{"line":7,"column":50}},"7":{"start":{"line":8,"column":0},"end":{"line":8,"column":38}},"8":{"start":{"line":9,"column":0},"end":{"line":9,"column":10}},"9":{"start":{"line":10,"column":0},"end":{"line":10,"column":11}},"10":{"start":{"line":11,"column":0},"end":{"line":11,"column":19}},"11":{"start":{"line":12,"column":0},"end":{"line":12,"column":33}},"12":{"start":{"line":13,"column":0},"end":{"line":13,"column":33}},"14":{"start":{"line":15,"column":0},"end":{"line":15,"column":38}},"15":{"start":{"line":16,"column":0},"end":{"line":16,"column":44}},"16":{"start":{"line":17,"column":0},"end":{"line":17,"column":44}},"17":{"start":{"line":18,"column":0},"end":{"line":18,"column":54}},"18":{"start":{"line":19,"column":0},"end":{"line":19,"column":12}},"19":{"start":{"line":20,"column":0},"end":{"line":20,"column":13}},"21":{"start":{"line":22,"column":0},"end":{"line":22,"column":1}}},"s":{"0":1,"6":1,"7":1,"8":1,"9":1,"10":1,"11":1,"12":1,"14":1,"15":1,"16":1,"17":1,"18":1,"19":1,"21":1},"branchMap":{"0":{"type":"branch","line":7,"loc":{"start":{"line":7,"column":0},"end":{"line":22,"column":1}},"locations":[{"start":{"line":7,"column":0},"end":{"line":22,"column":1}}]}},"b":{"0":[1]},"fnMap":{"0":{"name":"Close","decl":{"start":{"line":7,"column":0},"end":{"line":22,"column":1}},"loc":{"start":{"line":7,"column":0},"end":{"line":22,"column":1}},"line":7}},"f":{"0":1}}
,"C:\\Users\\erodionova\\Documents\\Git\\REACT2024Q3\\class-components\\src\\components\\Details\\Details.tsx": {"path":"C:\\Users\\erodionova\\Documents\\Git\\REACT2024Q3\\class-components\\src\\components\\Details\\Details.tsx","all":false,"statementMap":{"0":{"start":{"line":1,"column":0},"end":{"line":1,"column":71}},"2":{"start":{"line":3,"column":0},"end":{"line":3,"column":35}},"3":{"start":{"line":4,"column":0},"end":{"line":4,"column":41}},"5":{"start":{"line":6,"column":0},"end":{"line":6,"column":60}},"7":{"start":{"line":8,"column":0},"end":{"line":8,"column":35}},"8":{"start":{"line":9,"column":0},"end":{"line":9,"column":34}},"9":{"start":{"line":10,"column":0},"end":{"line":10,"column":76}},"10":{"start":{"line":11,"column":0},"end":{"line":11,"column":20}},"11":{"start":{"line":12,"column":0},"end":{"line":12,"column":4}},"13":{"start":{"line":14,"column":0},"end":{"line":14,"column":33}},"14":{"start":{"line":15,"column":0},"end":{"line":15,"column":33}},"16":{"start":{"line":17,"column":0},"end":{"line":17,"column":45}},"18":{"start":{"line":19,"column":0},"end":{"line":19,"column":35}},"19":{"start":{"line":20,"column":0},"end":{"line":20,"column":27}},"20":{"start":{"line":21,"column":0},"end":{"line":21,"column":4}},"22":{"start":{"line":23,"column":0},"end":{"line":23,"column":37}},"24":{"start":{"line":25,"column":0},"end":{"line":25,"column":10}},"25":{"start":{"line":26,"column":0},"end":{"line":26,"column":6}},"26":{"start":{"line":27,"column":0},"end":{"line":27,"column":53}},"27":{"start":{"line":28,"column":0},"end":{"line":28,"column":24}},"28":{"start":{"line":29,"column":0},"end":{"line":29,"column":10}},"29":{"start":{"line":30,"column":0},"end":{"line":30,"column":50}},"30":{"start":{"line":31,"column":0},"end":{"line":31,"column":58}},"31":{"start":{"line":32,"column":0},"end":{"line":32,"column":56}},"32":{"start":{"line":33,"column":0},"end":{"line":33,"column":58}},"33":{"start":{"line":34,"column":0},"end":{"line":34,"column":11}},"35":{"start":{"line":36,"column":0},"end":{"line":36,"column":25}},"36":{"start":{"line":37,"column":0},"end":{"line":37,"column":10}},"37":{"start":{"line":38,"column":0},"end":{"line":38,"column":39}},"38":{"start":{"line":39,"column":0},"end":{"line":39,"column":11}},"40":{"start":{"line":41,"column":0},"end":{"line":41,"column":23}},"41":{"start":{"line":42,"column":0},"end":{"line":42,"column":77}},"43":{"start":{"line":44,"column":0},"end":{"line":44,"column":25}},"44":{"start":{"line":45,"column":0},"end":{"line":45,"column":78}},"45":{"start":{"line":46,"column":0},"end":{"line":46,"column":7}},"47":{"start":{"line":48,"column":0},"end":{"line":48,"column":1}}},"s":{"0":1,"2":1,"3":1,"5":1,"7":2,"8":2,"9":2,"10":2,"11":2,"13":2,"14":2,"16":2,"18":2,"19":0,"20":0,"22":2,"24":1,"25":1,"26":1,"27":1,"28":1,"29":2,"30":2,"31":2,"32":2,"33":2,"35":2,"36":2,"37":2,"38":2,"40":2,"41":2,"43":2,"44":2,"45":2,"47":2},"branchMap":{"0":{"type":"branch","line":8,"loc":{"start":{"line":8,"column":0},"end":{"line":48,"column":1}},"locations":[{"start":{"line":8,"column":0},"end":{"line":48,"column":1}}]},"1":{"type":"branch","line":23,"loc":{"start":{"line":23,"column":18},"end":{"line":30,"column":38}},"locations":[{"start":{"line":23,"column":18},"end":{"line":30,"column":38}}]},"2":{"type":"branch","line":31,"loc":{"start":{"line":31,"column":26},"end":{"line":31,"column":42}},"locations":[{"start":{"line":31,"column":26},"end":{"line":31,"column":42}}]},"3":{"type":"branch","line":32,"loc":{"start":{"line":32,"column":25},"end":{"line":32,"column":41}},"locations":[{"start":{"line":32,"column":25},"end":{"line":32,"column":41}}]},"4":{"type":"branch","line":33,"loc":{"start":{"line":33,"column":26},"end":{"line":33,"column":42}},"locations":[{"start":{"line":33,"column":26},"end":{"line":33,"column":42}}]},"5":{"type":"branch","line":38,"loc":{"start":{"line":38,"column":13},"end":{"line":38,"column":29}},"locations":[{"start":{"line":38,"column":13},"end":{"line":38,"column":29}}]},"6":{"type":"branch","line":42,"loc":{"start":{"line":42,"column":11},"end":{"line":42,"column":26}},"locations":[{"start":{"line":42,"column":11},"end":{"line":42,"column":26}}]},"7":{"type":"branch","line":45,"loc":{"start":{"line":45,"column":11},"end":{"line":45,"column":27}},"locations":[{"start":{"line":45,"column":11},"end":{"line":45,"column":27}}]},"8":{"type":"branch","line":42,"loc":{"start":{"line":42,"column":30},"end":{"line":42,"column":70}},"locations":[{"start":{"line":42,"column":30},"end":{"line":42,"column":70}}]},"9":{"type":"branch","line":45,"loc":{"start":{"line":45,"column":31},"end":{"line":45,"column":71}},"locations":[{"start":{"line":45,"column":31},"end":{"line":45,"column":71}}]}},"b":{"0":[2],"1":[1],"2":[1],"3":[1],"4":[1],"5":[1],"6":[1],"7":[1],"8":[2],"9":[2]},"fnMap":{"0":{"name":"Details","decl":{"start":{"line":8,"column":0},"end":{"line":48,"column":1}},"loc":{"start":{"line":8,"column":0},"end":{"line":48,"column":1}},"line":8},"1":{"name":"handlerClickClose","decl":{"start":{"line":19,"column":28},"end":{"line":21,"column":4}},"loc":{"start":{"line":19,"column":28},"end":{"line":21,"column":4}},"line":19}},"f":{"0":2,"1":0}}
,"C:\\Users\\erodionova\\Documents\\Git\\REACT2024Q3\\class-components\\src\\components\\ErrorBoundary\\ErrorBoundary.tsx": {"path":"C:\\Users\\erodionova\\Documents\\Git\\REACT2024Q3\\class-components\\src\\components\\ErrorBoundary\\ErrorBoundary.tsx","all":false,"statementMap":{"0":{"start":{"line":1,"column":0},"end":{"line":1,"column":56}},"2":{"start":{"line":3,"column":0},"end":{"line":3,"column":29}},"12":{"start":{"line":13,"column":0},"end":{"line":13,"column":79}},"13":{"start":{"line":14,"column":0},"end":{"line":14,"column":42}},"14":{"start":{"line":15,"column":0},"end":{"line":15,"column":17}},"15":{"start":{"line":16,"column":0},"end":{"line":16,"column":18}},"16":{"start":{"line":17,"column":0},"end":{"line":17,"column":22}},"17":{"start":{"line":18,"column":0},"end":{"line":18,"column":6}},"18":{"start":{"line":19,"column":0},"end":{"line":19,"column":3}},"20":{"start":{"line":21,"column":0},"end":{"line":21,"column":37}},"21":{"start":{"line":22,"column":0},"end":{"line":22,"column":30}},"22":{"start":{"line":23,"column":0},"end":{"line":23,"column":3}},"24":{"start":{"line":25,"column":0},"end":{"line":25,"column":57}},"26":{"start":{"line":27,"column":0},"end":{"line":27,"column":53}},"27":{"start":{"line":28,"column":0},"end":{"line":28,"column":3}},"29":{"start":{"line":30,"column":0},"end":{"line":30,"column":12}},"30":{"start":{"line":31,"column":0},"end":{"line":31,"column":36}},"31":{"start":{"line":32,"column":0},"end":{"line":32,"column":36}},"32":{"start":{"line":33,"column":0},"end":{"line":33,"column":19}},"33":{"start":{"line":34,"column":0},"end":{"line":34,"column":14}},"34":{"start":{"line":35,"column":0},"end":{"line":35,"column":33}},"35":{"start":{"line":36,"column":0},"end":{"line":36,"column":39}},"37":{"start":{"line":38,"column":0},"end":{"line":38,"column":14}},"38":{"start":{"line":39,"column":0},"end":{"line":39,"column":73}},"40":{"start":{"line":41,"column":0},"end":{"line":41,"column":19}},"41":{"start":{"line":42,"column":0},"end":{"line":42,"column":14}},"43":{"start":{"line":44,"column":0},"end":{"line":44,"column":5}},"45":{"start":{"line":46,"column":0},"end":{"line":46,"column":20}},"46":{"start":{"line":47,"column":0},"end":{"line":47,"column":3}},"47":{"start":{"line":48,"column":0},"end":{"line":48,"column":1}},"49":{"start":{"line":50,"column":0},"end":{"line":50,"column":29}}},"s":{"0":1,"2":1,"12":1,"13":1,"14":7,"15":7,"16":7,"17":7,"18":7,"20":1,"21":1,"22":1,"24":1,"26":1,"27":1,"29":1,"30":7,"31":7,"32":7,"33":1,"34":1,"35":1,"37":1,"38":1,"40":1,"41":1,"43":1,"45":6,"46":7,"47":1,"49":1},"branchMap":{"0":{"type":"branch","line":14,"loc":{"start":{"line":14,"column":2},"end":{"line":19,"column":3}},"locations":[{"start":{"line":14,"column":2},"end":{"line":19,"column":3}}]},"1":{"type":"branch","line":21,"loc":{"start":{"line":21,"column":9},"end":{"line":23,"column":3}},"locations":[{"start":{"line":21,"column":9},"end":{"line":23,"column":3}}]},"2":{"type":"branch","line":25,"loc":{"start":{"line":25,"column":2},"end":{"line":28,"column":3}},"locations":[{"start":{"line":25,"column":2},"end":{"line":28,"column":3}}]},"3":{"type":"branch","line":30,"loc":{"start":{"line":30,"column":2},"end":{"line":47,"column":3}},"locations":[{"start":{"line":30,"column":2},"end":{"line":47,"column":3}}]},"4":{"type":"branch","line":33,"loc":{"start":{"line":33,"column":18},"end":{"line":44,"column":5}},"locations":[{"start":{"line":33,"column":18},"end":{"line":44,"column":5}}]},"5":{"type":"branch","line":44,"loc":{"start":{"line":44,"column":4},"end":{"line":46,"column":20}},"locations":[{"start":{"line":44,"column":4},"end":{"line":46,"column":20}}]}},"b":{"0":[7],"1":[1],"2":[1],"3":[7],"4":[1],"5":[6]},"fnMap":{"0":{"name":"ErrorBoundary","decl":{"start":{"line":14,"column":2},"end":{"line":19,"column":3}},"loc":{"start":{"line":14,"column":2},"end":{"line":19,"column":3}},"line":14},"1":{"name":"getDerivedStateFromError","decl":{"start":{"line":21,"column":9},"end":{"line":23,"column":3}},"loc":{"start":{"line":21,"column":9},"end":{"line":23,"column":3}},"line":21},"2":{"name":"componentDidCatch","decl":{"start":{"line":25,"column":2},"end":{"line":28,"column":3}},"loc":{"start":{"line":25,"column":2},"end":{"line":28,"column":3}},"line":25},"3":{"name":"render","decl":{"start":{"line":30,"column":2},"end":{"line":47,"column":3}},"loc":{"start":{"line":30,"column":2},"end":{"line":47,"column":3}},"line":30},"4":{"name":"onClick","decl":{"start":{"line":39,"column":41},"end":{"line":39,"column":73}},"loc":{"start":{"line":39,"column":41},"end":{"line":39,"column":73}},"line":39}},"f":{"0":7,"1":1,"2":1,"3":7,"4":0}}
,"C:\\Users\\erodionova\\Documents\\Git\\REACT2024Q3\\class-components\\src\\components\\Footer\\Footer.tsx": {"path":"C:\\Users\\erodionova\\Documents\\Git\\REACT2024Q3\\class-components\\src\\components\\Footer\\Footer.tsx","all":false,"statementMap":{"0":{"start":{"line":1,"column":0},"end":{"line":1,"column":54}},"1":{"start":{"line":2,"column":0},"end":{"line":2,"column":46}},"3":{"start":{"line":4,"column":0},"end":{"line":4,"column":22}},"5":{"start":{"line":6,"column":0},"end":{"line":6,"column":34}},"6":{"start":{"line":7,"column":0},"end":{"line":7,"column":10}},"7":{"start":{"line":8,"column":0},"end":{"line":8,"column":31}},"8":{"start":{"line":9,"column":0},"end":{"line":9,"column":8}},"9":{"start":{"line":10,"column":0},"end":{"line":10,"column":40}},"10":{"start":{"line":11,"column":0},"end":{"line":11,"column":23}},"11":{"start":{"line":12,"column":0},"end":{"line":12,"column":33}},"12":{"start":{"line":13,"column":0},"end":{"line":13,"column":30}},"14":{"start":{"line":15,"column":0},"end":{"line":15,"column":69}},"16":{"start":{"line":17,"column":0},"end":{"line":17,"column":10}},"18":{"start":{"line":19,"column":0},"end":{"line":19,"column":23}},"20":{"start":{"line":21,"column":0},"end":{"line":21,"column":8}},"21":{"start":{"line":22,"column":0},"end":{"line":22,"column":48}},"22":{"start":{"line":23,"column":0},"end":{"line":23,"column":23}},"23":{"start":{"line":24,"column":0},"end":{"line":24,"column":33}},"24":{"start":{"line":25,"column":0},"end":{"line":25,"column":30}},"26":{"start":{"line":27,"column":0},"end":{"line":27,"column":70}},"27":{"start":{"line":28,"column":0},"end":{"line":28,"column":10}},"28":{"start":{"line":29,"column":0},"end":{"line":29,"column":13}},"30":{"start":{"line":31,"column":0},"end":{"line":31,"column":1}}},"s":{"0":1,"1":1,"3":1,"5":4,"6":4,"7":4,"8":4,"9":4,"10":4,"11":4,"12":4,"14":4,"16":4,"18":4,"20":4,"21":4,"22":4,"23":4,"24":4,"26":4,"27":4,"28":4,"30":4},"branchMap":{"0":{"type":"branch","line":6,"loc":{"start":{"line":6,"column":0},"end":{"line":31,"column":1}},"locations":[{"start":{"line":6,"column":0},"end":{"line":31,"column":1}}]}},"b":{"0":[4]},"fnMap":{"0":{"name":"Footer","decl":{"start":{"line":6,"column":0},"end":{"line":31,"column":1}},"loc":{"start":{"line":6,"column":0},"end":{"line":31,"column":1}},"line":6}},"f":{"0":4}}
,"C:\\Users\\erodionova\\Documents\\Git\\REACT2024Q3\\class-components\\src\\components\\Header\\Header.tsx": {"path":"C:\\Users\\erodionova\\Documents\\Git\\REACT2024Q3\\class-components\\src\\components\\Header\\Header.tsx","all":false,"statementMap":{"0":{"start":{"line":1,"column":0},"end":{"line":1,"column":59}},"1":{"start":{"line":2,"column":0},"end":{"line":2,"column":53}},"2":{"start":{"line":3,"column":0},"end":{"line":3,"column":41}},"4":{"start":{"line":5,"column":0},"end":{"line":5,"column":34}},"5":{"start":{"line":6,"column":0},"end":{"line":6,"column":10}},"6":{"start":{"line":7,"column":0},"end":{"line":7,"column":38}},"7":{"start":{"line":8,"column":0},"end":{"line":8,"column":77}},"8":{"start":{"line":9,"column":0},"end":{"line":9,"column":21}},"9":{"start":{"line":10,"column":0},"end":{"line":10,"column":13}},"11":{"start":{"line":12,"column":0},"end":{"line":12,"column":1}}},"s":{"0":1,"1":1,"2":1,"4":4,"5":4,"6":4,"7":4,"8":4,"9":4,"11":4},"branchMap":{"0":{"type":"branch","line":5,"loc":{"start":{"line":5,"column":0},"end":{"line":12,"column":1}},"locations":[{"start":{"line":5,"column":0},"end":{"line":12,"column":1}}]}},"b":{"0":[4]},"fnMap":{"0":{"name":"Header","decl":{"start":{"line":5,"column":0},"end":{"line":12,"column":1}},"loc":{"start":{"line":5,"column":0},"end":{"line":12,"column":1}},"line":5}},"f":{"0":4}}
,"C:\\Users\\erodionova\\Documents\\Git\\REACT2024Q3\\class-components\\src\\components\\Modal\\Modal.tsx": {"path":"C:\\Users\\erodionova\\Documents\\Git\\REACT2024Q3\\class-components\\src\\components\\Modal\\Modal.tsx","all":false,"statementMap":{"0":{"start":{"line":1,"column":0},"end":{"line":1,"column":36}},"2":{"start":{"line":3,"column":0},"end":{"line":3,"column":70}},"3":{"start":{"line":4,"column":0},"end":{"line":4,"column":56}},"4":{"start":{"line":5,"column":0},"end":{"line":5,"column":50}},"6":{"start":{"line":7,"column":0},"end":{"line":7,"column":38}},"8":{"start":{"line":9,"column":0},"end":{"line":9,"column":40}},"10":{"start":{"line":11,"column":0},"end":{"line":11,"column":33}},"11":{"start":{"line":12,"column":0},"end":{"line":12,"column":66}},"12":{"start":{"line":13,"column":0},"end":{"line":13,"column":43}},"13":{"start":{"line":14,"column":0},"end":{"line":14,"column":36}},"15":{"start":{"line":16,"column":0},"end":{"line":16,"column":49}},"16":{"start":{"line":17,"column":0},"end":{"line":17,"column":26}},"17":{"start":{"line":18,"column":0},"end":{"line":18,"column":9}},"19":{"start":{"line":20,"column":0},"end":{"line":20,"column":49}},"20":{"start":{"line":21,"column":0},"end":{"line":21,"column":23}},"21":{"start":{"line":22,"column":0},"end":{"line":22,"column":14}},"23":{"start":{"line":24,"column":0},"end":{"line":24,"column":10}},"24":{"start":{"line":25,"column":0},"end":{"line":25,"column":34}},"25":{"start":{"line":26,"column":0},"end":{"line":26,"column":48}},"26":{"start":{"line":27,"column":0},"end":{"line":27,"column":80}},"28":{"start":{"line":29,"column":0},"end":{"line":29,"column":15}},"29":{"start":{"line":30,"column":0},"end":{"line":30,"column":80}},"31":{"start":{"line":32,"column":0},"end":{"line":32,"column":15}},"32":{"start":{"line":33,"column":0},"end":{"line":33,"column":10}},"34":{"start":{"line":35,"column":0},"end":{"line":35,"column":1}}},"s":{"0":1,"2":1,"3":1,"4":1,"6":1,"8":1,"10":5,"11":5,"12":5,"13":5,"15":5,"16":1,"17":5,"19":5,"20":1,"21":5,"23":5,"24":5,"25":5,"26":5,"28":5,"29":5,"31":5,"32":5,"34":5},"branchMap":{"0":{"type":"branch","line":11,"loc":{"start":{"line":11,"column":0},"end":{"line":35,"column":1}},"locations":[{"start":{"line":11,"column":0},"end":{"line":35,"column":1}}]},"1":{"type":"branch","line":12,"loc":{"start":{"line":12,"column":35},"end":{"line":12,"column":64}},"locations":[{"start":{"line":12,"column":35},"end":{"line":12,"column":64}}]},"2":{"type":"branch","line":16,"loc":{"start":{"line":16,"column":42},"end":{"line":18,"column":5}},"locations":[{"start":{"line":16,"column":42},"end":{"line":18,"column":5}}]},"3":{"type":"branch","line":20,"loc":{"start":{"line":20,"column":42},"end":{"line":22,"column":5}},"locations":[{"start":{"line":20,"column":42},"end":{"line":22,"column":5}}]}},"b":{"0":[5],"1":[10],"2":[1],"3":[1]},"fnMap":{"0":{"name":"Modal","decl":{"start":{"line":11,"column":0},"end":{"line":35,"column":1}},"loc":{"start":{"line":11,"column":0},"end":{"line":35,"column":1}},"line":11}},"f":{"0":5}}
,"C:\\Users\\erodionova\\Documents\\Git\\REACT2024Q3\\class-components\\src\\components\\Pagination\\Pagination.tsx": {"path":"C:\\Users\\erodionova\\Documents\\Git\\REACT2024Q3\\class-components\\src\\components\\Pagination\\Pagination.tsx","all":false,"statementMap":{"0":{"start":{"line":1,"column":0},"end":{"line":1,"column":36}},"1":{"start":{"line":2,"column":0},"end":{"line":2,"column":51}},"3":{"start":{"line":4,"column":0},"end":{"line":4,"column":70}},"4":{"start":{"line":5,"column":0},"end":{"line":5,"column":68}},"6":{"start":{"line":7,"column":0},"end":{"line":7,"column":60}},"8":{"start":{"line":9,"column":0},"end":{"line":9,"column":38}},"10":{"start":{"line":11,"column":0},"end":{"line":11,"column":45}},"12":{"start":{"line":13,"column":0},"end":{"line":13,"column":38}},"13":{"start":{"line":14,"column":0},"end":{"line":14,"column":73}},"14":{"start":{"line":15,"column":0},"end":{"line":15,"column":71}},"15":{"start":{"line":16,"column":0},"end":{"line":16,"column":60}},"16":{"start":{"line":17,"column":0},"end":{"line":17,"column":36}},"18":{"start":{"line":19,"column":0},"end":{"line":19,"column":74}},"20":{"start":{"line":21,"column":0},"end":{"line":21,"column":48}},"22":{"start":{"line":23,"column":0},"end":{"line":23,"column":45}},"23":{"start":{"line":24,"column":0},"end":{"line":24,"column":21}},"24":{"start":{"line":25,"column":0},"end":{"line":25,"column":28}},"25":{"start":{"line":26,"column":0},"end":{"line":26,"column":73}},"26":{"start":{"line":27,"column":0},"end":{"line":27,"column":5}},"27":{"start":{"line":28,"column":0},"end":{"line":28,"column":9}},"29":{"start":{"line":30,"column":0},"end":{"line":30,"column":45}},"30":{"start":{"line":31,"column":0},"end":{"line":31,"column":25}},"31":{"start":{"line":32,"column":0},"end":{"line":32,"column":28}},"32":{"start":{"line":33,"column":0},"end":{"line":33,"column":73}},"33":{"start":{"line":34,"column":0},"end":{"line":34,"column":5}},"34":{"start":{"line":35,"column":0},"end":{"line":35,"column":9}},"36":{"start":{"line":37,"column":0},"end":{"line":37,"column":10}},"37":{"start":{"line":38,"column":0},"end":{"line":38,"column":39}},"38":{"start":{"line":39,"column":0},"end":{"line":39,"column":13}},"39":{"start":{"line":40,"column":0},"end":{"line":40,"column":43}},"40":{"start":{"line":41,"column":0},"end":{"line":41,"column":33}},"41":{"start":{"line":42,"column":0},"end":{"line":42,"column":34}},"42":{"start":{"line":43,"column":0},"end":{"line":43,"column":7}},"44":{"start":{"line":45,"column":0},"end":{"line":45,"column":15}},"45":{"start":{"line":46,"column":0},"end":{"line":46,"column":23}},"47":{"start":{"line":48,"column":0},"end":{"line":48,"column":13}},"48":{"start":{"line":49,"column":0},"end":{"line":49,"column":43}},"49":{"start":{"line":50,"column":0},"end":{"line":50,"column":33}},"50":{"start":{"line":51,"column":0},"end":{"line":51,"column":30}},"51":{"start":{"line":52,"column":0},"end":{"line":52,"column":7}},"53":{"start":{"line":54,"column":0},"end":{"line":54,"column":15}},"54":{"start":{"line":55,"column":0},"end":{"line":55,"column":10}},"56":{"start":{"line":57,"column":0},"end":{"line":57,"column":1}}},"s":{"0":1,"1":1,"3":1,"4":1,"6":1,"8":1,"10":1,"12":7,"13":7,"14":7,"15":7,"16":7,"18":7,"20":7,"22":7,"23":1,"24":1,"25":1,"26":1,"27":7,"29":7,"30":1,"31":1,"32":1,"33":1,"34":7,"36":7,"37":7,"38":7,"39":7,"40":7,"41":7,"42":7,"44":7,"45":7,"47":7,"48":7,"49":7,"50":7,"51":7,"53":7,"54":7,"56":7},"branchMap":{"0":{"type":"branch","line":13,"loc":{"start":{"line":13,"column":0},"end":{"line":57,"column":1}},"locations":[{"start":{"line":13,"column":0},"end":{"line":57,"column":1}}]},"1":{"type":"branch","line":14,"loc":{"start":{"line":14,"column":35},"end":{"line":14,"column":71}},"locations":[{"start":{"line":14,"column":35},"end":{"line":14,"column":71}}]},"2":{"type":"branch","line":15,"loc":{"start":{"line":15,"column":34},"end":{"line":15,"column":69}},"locations":[{"start":{"line":15,"column":34},"end":{"line":15,"column":69}}]},"3":{"type":"branch","line":23,"loc":{"start":{"line":23,"column":38},"end":{"line":28,"column":5}},"locations":[{"start":{"line":23,"column":38},"end":{"line":28,"column":5}}]},"4":{"type":"branch","line":26,"loc":{"start":{"line":26,"column":55},"end":{"line":26,"column":70}},"locations":[{"start":{"line":26,"column":55},"end":{"line":26,"column":70}}]},"5":{"type":"branch","line":30,"loc":{"start":{"line":30,"column":38},"end":{"line":35,"column":5}},"locations":[{"start":{"line":30,"column":38},"end":{"line":35,"column":5}}]},"6":{"type":"branch","line":33,"loc":{"start":{"line":33,"column":55},"end":{"line":33,"column":70}},"locations":[{"start":{"line":33,"column":55},"end":{"line":33,"column":70}}]}},"b":{"0":[7],"1":[16],"2":[16],"3":[1],"4":[0],"5":[1],"6":[0]},"fnMap":{"0":{"name":"Pagination","decl":{"start":{"line":13,"column":0},"end":{"line":57,"column":1}},"loc":{"start":{"line":13,"column":0},"end":{"line":57,"column":1}},"line":13}},"f":{"0":7}}
,"C:\\Users\\erodionova\\Documents\\Git\\REACT2024Q3\\class-components\\src\\components\\SearchBar\\SearchBar.tsx": {"path":"C:\\Users\\erodionova\\Documents\\Git\\REACT2024Q3\\class-components\\src\\components\\SearchBar\\SearchBar.tsx","all":false,"statementMap":{"0":{"start":{"line":1,"column":0},"end":{"line":1,"column":44}},"1":{"start":{"line":2,"column":0},"end":{"line":2,"column":51}},"2":{"start":{"line":3,"column":0},"end":{"line":3,"column":54}},"3":{"start":{"line":4,"column":0},"end":{"line":4,"column":70}},"4":{"start":{"line":5,"column":0},"end":{"line":5,"column":68}},"6":{"start":{"line":7,"column":0},"end":{"line":7,"column":58}},"8":{"start":{"line":9,"column":0},"end":{"line":9,"column":38}},"10":{"start":{"line":11,"column":0},"end":{"line":11,"column":44}},"12":{"start":{"line":13,"column":0},"end":{"line":13,"column":37}},"13":{"start":{"line":14,"column":0},"end":{"line":14,"column":49}},"14":{"start":{"line":15,"column":0},"end":{"line":15,"column":47}},"15":{"start":{"line":16,"column":0},"end":{"line":16,"column":36}},"17":{"start":{"line":18,"column":0},"end":{"line":18,"column":60}},"19":{"start":{"line":20,"column":0},"end":{"line":20,"column":58}},"20":{"start":{"line":21,"column":0},"end":{"line":21,"column":58}},"22":{"start":{"line":23,"column":0},"end":{"line":23,"column":19}},"23":{"start":{"line":24,"column":0},"end":{"line":24,"column":42}},"24":{"start":{"line":25,"column":0},"end":{"line":25,"column":50}},"25":{"start":{"line":26,"column":0},"end":{"line":26,"column":24}},"26":{"start":{"line":27,"column":0},"end":{"line":27,"column":38}},"27":{"start":{"line":28,"column":0},"end":{"line":28,"column":32}},"28":{"start":{"line":29,"column":0},"end":{"line":29,"column":30}},"29":{"start":{"line":30,"column":0},"end":{"line":30,"column":26}},"30":{"start":{"line":31,"column":0},"end":{"line":31,"column":12}},"31":{"start":{"line":32,"column":0},"end":{"line":32,"column":38}},"32":{"start":{"line":33,"column":0},"end":{"line":33,"column":23}},"33":{"start":{"line":34,"column":0},"end":{"line":34,"column":18}},"34":{"start":{"line":35,"column":0},"end":{"line":35,"column":36}},"35":{"start":{"line":36,"column":0},"end":{"line":36,"column":9}},"36":{"start":{"line":37,"column":0},"end":{"line":37,"column":5}},"37":{"start":{"line":38,"column":0},"end":{"line":38,"column":21}},"39":{"start":{"line":40,"column":0},"end":{"line":40,"column":66}},"40":{"start":{"line":41,"column":0},"end":{"line":41,"column":27}},"41":{"start":{"line":42,"column":0},"end":{"line":42,"column":49}},"42":{"start":{"line":43,"column":0},"end":{"line":43,"column":26}},"43":{"start":{"line":44,"column":0},"end":{"line":44,"column":59}},"44":{"start":{"line":45,"column":0},"end":{"line":45,"column":19}},"45":{"start":{"line":46,"column":0},"end":{"line":46,"column":33}},"46":{"start":{"line":47,"column":0},"end":{"line":47,"column":37}},"47":{"start":{"line":48,"column":0},"end":{"line":48,"column":25}},"48":{"start":{"line":49,"column":0},"end":{"line":49,"column":71}},"49":{"start":{"line":50,"column":0},"end":{"line":50,"column":3}},"51":{"start":{"line":52,"column":0},"end":{"line":52,"column":69}},"52":{"start":{"line":53,"column":0},"end":{"line":53,"column":51}},"53":{"start":{"line":54,"column":0},"end":{"line":54,"column":37}},"54":{"start":{"line":55,"column":0},"end":{"line":55,"column":31}},"55":{"start":{"line":56,"column":0},"end":{"line":56,"column":3}},"57":{"start":{"line":58,"column":0},"end":{"line":58,"column":10}},"58":{"start":{"line":59,"column":0},"end":{"line":59,"column":63}},"59":{"start":{"line":60,"column":0},"end":{"line":60,"column":12}},"60":{"start":{"line":61,"column":0},"end":{"line":61,"column":21}},"61":{"start":{"line":62,"column":0},"end":{"line":62,"column":25}},"62":{"start":{"line":63,"column":0},"end":{"line":63,"column":19}},"63":{"start":{"line":64,"column":0},"end":{"line":64,"column":31}},"64":{"start":{"line":65,"column":0},"end":{"line":65,"column":31}},"65":{"start":{"line":66,"column":0},"end":{"line":66,"column":8}},"66":{"start":{"line":67,"column":0},"end":{"line":67,"column":43}},"67":{"start":{"line":68,"column":0},"end":{"line":68,"column":11}},"69":{"start":{"line":70,"column":0},"end":{"line":70,"column":1}}},"s":{"0":1,"1":1,"2":1,"3":1,"4":1,"6":1,"8":1,"10":1,"12":3,"13":3,"14":3,"15":3,"17":3,"19":3,"20":3,"22":3,"23":2,"24":2,"25":2,"26":2,"27":2,"28":2,"29":2,"30":2,"31":0,"32":0,"33":0,"34":0,"35":0,"36":0,"37":3,"39":3,"40":0,"41":0,"42":0,"43":0,"44":0,"45":0,"46":0,"47":0,"48":0,"49":0,"51":3,"52":0,"53":0,"54":0,"55":0,"57":3,"58":3,"59":3,"60":3,"61":3,"62":3,"63":3,"64":3,"65":3,"66":3,"67":3,"69":3},"branchMap":{"0":{"type":"branch","line":13,"loc":{"start":{"line":13,"column":0},"end":{"line":70,"column":1}},"locations":[{"start":{"line":13,"column":0},"end":{"line":70,"column":1}}]},"1":{"type":"branch","line":23,"loc":{"start":{"line":23,"column":12},"end":{"line":38,"column":5}},"locations":[{"start":{"line":23,"column":12},"end":{"line":38,"column":5}}]},"2":{"type":"branch","line":27,"loc":{"start":{"line":27,"column":27},"end":{"line":27,"column":38}},"locations":[{"start":{"line":27,"column":27},"end":{"line":27,"column":38}}]},"3":{"type":"branch","line":31,"loc":{"start":{"line":31,"column":4},"end":{"line":37,"column":5}},"locations":[{"start":{"line":31,"column":4},"end":{"line":37,"column":5}}]}},"b":{"0":[3],"1":[2],"2":[0],"3":[0]},"fnMap":{"0":{"name":"SearchBar","decl":{"start":{"line":13,"column":0},"end":{"line":70,"column":1}},"loc":{"start":{"line":13,"column":0},"end":{"line":70,"column":1}},"line":13},"1":{"name":"handleSearch","decl":{"start":{"line":40,"column":2},"end":{"line":50,"column":3}},"loc":{"start":{"line":40,"column":2},"end":{"line":50,"column":3}},"line":40},"2":{"name":"handleChange","decl":{"start":{"line":52,"column":2},"end":{"line":56,"column":3}},"loc":{"start":{"line":52,"column":2},"end":{"line":56,"column":3}},"line":52}},"f":{"0":3,"1":0,"2":0}}
,"C:\\Users\\erodionova\\Documents\\Git\\REACT2024Q3\\class-components\\src\\components\\Spinner\\Spinner.tsx": {"path":"C:\\Users\\erodionova\\Documents\\Git\\REACT2024Q3\\class-components\\src\\components\\Spinner\\Spinner.tsx","all":false,"statementMap":{"0":{"start":{"line":1,"column":0},"end":{"line":1,"column":34}},"1":{"start":{"line":2,"column":0},"end":{"line":2,"column":23}},"3":{"start":{"line":4,"column":0},"end":{"line":4,"column":33}},"4":{"start":{"line":5,"column":0},"end":{"line":5,"column":12}},"5":{"start":{"line":6,"column":0},"end":{"line":6,"column":12}},"6":{"start":{"line":7,"column":0},"end":{"line":7,"column":39}},"7":{"start":{"line":8,"column":0},"end":{"line":8,"column":12}},"8":{"start":{"line":9,"column":0},"end":{"line":9,"column":28}},"9":{"start":{"line":10,"column":0},"end":{"line":10,"column":30}},"10":{"start":{"line":11,"column":0},"end":{"line":11,"column":39}},"11":{"start":{"line":12,"column":0},"end":{"line":12,"column":10}},"12":{"start":{"line":13,"column":0},"end":{"line":13,"column":12}},"14":{"start":{"line":15,"column":0},"end":{"line":15,"column":3}},"15":{"start":{"line":16,"column":0},"end":{"line":16,"column":1}},"17":{"start":{"line":18,"column":0},"end":{"line":18,"column":23}}},"s":{"0":1,"1":1,"3":1,"4":1,"5":3,"6":3,"7":3,"8":3,"9":3,"10":3,"11":3,"12":3,"14":3,"15":1,"17":1},"branchMap":{"0":{"type":"branch","line":5,"loc":{"start":{"line":5,"column":2},"end":{"line":15,"column":3}},"locations":[{"start":{"line":5,"column":2},"end":{"line":15,"column":3}}]}},"b":{"0":[3]},"fnMap":{"0":{"name":"render","decl":{"start":{"line":5,"column":2},"end":{"line":15,"column":3}},"loc":{"start":{"line":5,"column":2},"end":{"line":15,"column":3}},"line":5}},"f":{"0":3}}
,"C:\\Users\\erodionova\\Documents\\Git\\REACT2024Q3\\class-components\\src\\components\\ThemeToggle\\ThemeToggle.tsx": {"path":"C:\\Users\\erodionova\\Documents\\Git\\REACT2024Q3\\class-components\\src\\components\\ThemeToggle\\ThemeToggle.tsx","all":false,"statementMap":{"0":{"start":{"line":1,"column":0},"end":{"line":1,"column":35}},"1":{"start":{"line":2,"column":0},"end":{"line":2,"column":65}},"3":{"start":{"line":4,"column":0},"end":{"line":4,"column":46}},"5":{"start":{"line":6,"column":0},"end":{"line":6,"column":39}},"6":{"start":{"line":7,"column":0},"end":{"line":7,"column":48}},"8":{"start":{"line":9,"column":0},"end":{"line":9,"column":22}},"9":{"start":{"line":10,"column":0},"end":{"line":10,"column":71}},"10":{"start":{"line":11,"column":0},"end":{"line":11,"column":3}},"12":{"start":{"line":13,"column":0},"end":{"line":13,"column":46}},"14":{"start":{"line":15,"column":0},"end":{"line":15,"column":10}},"15":{"start":{"line":16,"column":0},"end":{"line":16,"column":36}},"16":{"start":{"line":17,"column":0},"end":{"line":17,"column":31}},"17":{"start":{"line":18,"column":0},"end":{"line":18,"column":13}},"18":{"start":{"line":19,"column":0},"end":{"line":19,"column":21}},"19":{"start":{"line":20,"column":0},"end":{"line":20,"column":85}},"20":{"start":{"line":21,"column":0},"end":{"line":21,"column":29}},"22":{"start":{"line":23,"column":0},"end":{"line":23,"column":40}},"23":{"start":{"line":24,"column":0},"end":{"line":24,"column":15}},"24":{"start":{"line":25,"column":0},"end":{"line":25,"column":10}},"26":{"start":{"line":27,"column":0},"end":{"line":27,"column":1}}},"s":{"0":1,"1":1,"3":1,"5":10,"6":10,"8":10,"9":4,"10":4,"12":5,"14":5,"15":5,"16":5,"17":5,"18":5,"19":10,"20":10,"22":10,"23":10,"24":10,"26":10},"branchMap":{"0":{"type":"branch","line":6,"loc":{"start":{"line":6,"column":0},"end":{"line":27,"column":1}},"locations":[{"start":{"line":6,"column":0},"end":{"line":27,"column":1}}]},"1":{"type":"branch","line":9,"loc":{"start":{"line":9,"column":21},"end":{"line":11,"column":3}},"locations":[{"start":{"line":9,"column":21},"end":{"line":11,"column":3}}]},"2":{"type":"branch","line":11,"loc":{"start":{"line":11,"column":2},"end":{"line":20,"column":66}},"locations":[{"start":{"line":11,"column":2},"end":{"line":20,"column":66}}]},"3":{"type":"branch","line":20,"loc":{"start":{"line":20,"column":59},"end":{"line":20,"column":80}},"locations":[{"start":{"line":20,"column":59},"end":{"line":20,"column":80}}]},"4":{"type":"branch","line":20,"loc":{"start":{"line":20,"column":73},"end":{"line":20,"column":82}},"locations":[{"start":{"line":20,"column":73},"end":{"line":20,"column":82}}]}},"b":{"0":[10],"1":[4],"2":[5],"3":[0],"4":[5]},"fnMap":{"0":{"name":"ThemeToggle","decl":{"start":{"line":6,"column":0},"end":{"line":27,"column":1}},"loc":{"start":{"line":6,"column":0},"end":{"line":27,"column":1}},"line":6}},"f":{"0":10}}
,"C:\\Users\\erodionova\\Documents\\Git\\REACT2024Q3\\class-components\\src\\context\\ThemeContext.tsx": {"path":"C:\\Users\\erodionova\\Documents\\Git\\REACT2024Q3\\class-components\\src\\context\\ThemeContext.tsx","all":false,"statementMap":{"0":{"start":{"line":1,"column":0},"end":{"line":1,"column":79}},"2":{"start":{"line":3,"column":0},"end":{"line":3,"column":19}},"3":{"start":{"line":4,"column":0},"end":{"line":4,"column":18}},"4":{"start":{"line":5,"column":0},"end":{"line":5,"column":16}},"12":{"start":{"line":13,"column":0},"end":{"line":13,"column":73}},"13":{"start":{"line":14,"column":0},"end":{"line":14,"column":12}},"14":{"start":{"line":15,"column":0},"end":{"line":15,"column":2}},"20":{"start":{"line":21,"column":0},"end":{"line":21,"column":65}},"21":{"start":{"line":22,"column":0},"end":{"line":22,"column":57}},"23":{"start":{"line":24,"column":0},"end":{"line":24,"column":29}},"24":{"start":{"line":25,"column":0},"end":{"line":25,"column":27}},"25":{"start":{"line":26,"column":0},"end":{"line":26,"column":59}},"26":{"start":{"line":27,"column":0},"end":{"line":27,"column":6}},"27":{"start":{"line":28,"column":0},"end":{"line":28,"column":4}},"29":{"start":{"line":30,"column":0},"end":{"line":30,"column":31}},"30":{"start":{"line":31,"column":0},"end":{"line":31,"column":12}},"31":{"start":{"line":32,"column":0},"end":{"line":32,"column":12}},"32":{"start":{"line":33,"column":0},"end":{"line":33,"column":18}},"33":{"start":{"line":34,"column":0},"end":{"line":34,"column":7}},"34":{"start":{"line":35,"column":0},"end":{"line":35,"column":12}},"35":{"start":{"line":36,"column":0},"end":{"line":36,"column":4}},"37":{"start":{"line":38,"column":0},"end":{"line":38,"column":19}},"38":{"start":{"line":39,"column":0},"end":{"line":39,"column":47}},"39":{"start":{"line":40,"column":0},"end":{"line":40,"column":14}},"41":{"start":{"line":42,"column":0},"end":{"line":42,"column":10}},"42":{"start":{"line":43,"column":0},"end":{"line":43,"column":48}},"43":{"start":{"line":44,"column":0},"end":{"line":44,"column":16}},"44":{"start":{"line":45,"column":0},"end":{"line":45,"column":28}},"46":{"start":{"line":47,"column":0},"end":{"line":47,"column":1}}},"s":{"0":1,"2":1,"3":1,"4":1,"12":1,"13":1,"14":1,"20":1,"21":7,"23":7,"24":2,"25":2,"26":2,"27":2,"29":7,"30":7,"31":7,"32":7,"33":7,"34":7,"35":7,"37":7,"38":7,"39":7,"41":7,"42":7,"43":7,"44":7,"46":7},"branchMap":{"0":{"type":"branch","line":3,"loc":{"start":{"line":3,"column":7},"end":{"line":3,"column":19}},"locations":[{"start":{"line":3,"column":7},"end":{"line":3,"column":19}}]},"1":{"type":"branch","line":21,"loc":{"start":{"line":21,"column":7},"end":{"line":47,"column":1}},"locations":[{"start":{"line":21,"column":7},"end":{"line":47,"column":1}}]},"2":{"type":"branch","line":24,"loc":{"start":{"line":24,"column":22},"end":{"line":28,"column":4}},"locations":[{"start":{"line":24,"column":22},"end":{"line":28,"column":4}}]},"3":{"type":"branch","line":25,"loc":{"start":{"line":25,"column":13},"end":{"line":26,"column":59}},"locations":[{"start":{"line":25,"column":13},"end":{"line":26,"column":59}}]},"4":{"type":"branch","line":26,"loc":{"start":{"line":26,"column":34},"end":{"line":26,"column":59}},"locations":[{"start":{"line":26,"column":34},"end":{"line":26,"column":59}}]},"5":{"type":"branch","line":31,"loc":{"start":{"line":31,"column":4},"end":{"line":34,"column":7}},"locations":[{"start":{"line":31,"column":4},"end":{"line":34,"column":7}}]},"6":{"type":"branch","line":38,"loc":{"start":{"line":38,"column":12},"end":{"line":40,"column":5}},"locations":[{"start":{"line":38,"column":12},"end":{"line":40,"column":5}}]}},"b":{"0":[4],"1":[7],"2":[2],"3":[2],"4":[0],"5":[7],"6":[7]},"fnMap":{"0":{"name":"ThemeProvider","decl":{"start":{"line":21,"column":7},"end":{"line":47,"column":1}},"loc":{"start":{"line":21,"column":7},"end":{"line":47,"column":1}},"line":21},"1":{"name":"toggleTheme","decl":{"start":{"line":24,"column":22},"end":{"line":28,"column":4}},"loc":{"start":{"line":24,"column":22},"end":{"line":28,"column":4}},"line":24}},"f":{"0":7,"1":2}}
,"C:\\Users\\erodionova\\Documents\\Git\\REACT2024Q3\\class-components\\src\\hooks\\useLocalStorage.tsx": {"path":"C:\\Users\\erodionova\\Documents\\Git\\REACT2024Q3\\class-components\\src\\hooks\\useLocalStorage.tsx","all":false,"statementMap":{"0":{"start":{"line":1,"column":0},"end":{"line":1,"column":70}},"2":{"start":{"line":3,"column":0},"end":{"line":3,"column":44}},"5":{"start":{"line":6,"column":0},"end":{"line":6,"column":3}},"6":{"start":{"line":7,"column":0},"end":{"line":7,"column":44}},"7":{"start":{"line":8,"column":0},"end":{"line":8,"column":59}},"8":{"start":{"line":9,"column":0},"end":{"line":9,"column":28}},"9":{"start":{"line":10,"column":0},"end":{"line":10,"column":5}},"11":{"start":{"line":12,"column":0},"end":{"line":12,"column":19}},"12":{"start":{"line":13,"column":0},"end":{"line":13,"column":47}},"13":{"start":{"line":14,"column":0},"end":{"line":14,"column":14}},"15":{"start":{"line":16,"column":0},"end":{"line":16,"column":27}},"16":{"start":{"line":17,"column":0},"end":{"line":17,"column":1}}},"s":{"0":1,"2":4,"5":4,"6":4,"7":3,"8":3,"9":4,"11":4,"12":4,"13":4,"15":4,"16":4},"branchMap":{"0":{"type":"branch","line":3,"loc":{"start":{"line":3,"column":0},"end":{"line":17,"column":1}},"locations":[{"start":{"line":3,"column":0},"end":{"line":17,"column":1}}]},"1":{"type":"branch","line":7,"loc":{"start":{"line":7,"column":37},"end":{"line":10,"column":3}},"locations":[{"start":{"line":7,"column":37},"end":{"line":10,"column":3}}]},"2":{"type":"branch","line":9,"loc":{"start":{"line":9,"column":11},"end":{"line":9,"column":28}},"locations":[{"start":{"line":9,"column":11},"end":{"line":9,"column":28}}]},"3":{"type":"branch","line":12,"loc":{"start":{"line":12,"column":12},"end":{"line":14,"column":5}},"locations":[{"start":{"line":12,"column":12},"end":{"line":14,"column":5}}]}},"b":{"0":[4],"1":[3],"2":[2],"3":[4]},"fnMap":{"0":{"name":"useLocalStorage","decl":{"start":{"line":3,"column":0},"end":{"line":17,"column":1}},"loc":{"start":{"line":3,"column":0},"end":{"line":17,"column":1}},"line":3}},"f":{"0":4}}
,"C:\\Users\\erodionova\\Documents\\Git\\REACT2024Q3\\class-components\\src\\hooks\\useRedux.ts": {"path":"C:\\Users\\erodionova\\Documents\\Git\\REACT2024Q3\\class-components\\src\\hooks\\useRedux.ts","all":false,"statementMap":{"0":{"start":{"line":1,"column":0},"end":{"line":1,"column":65}},"3":{"start":{"line":4,"column":0},"end":{"line":4,"column":67}},"4":{"start":{"line":5,"column":0},"end":{"line":5,"column":65}},"5":{"start":{"line":6,"column":0},"end":{"line":6,"column":58}}},"s":{"0":1,"3":1,"4":1,"5":1},"branchMap":{},"b":{},"fnMap":{},"f":{}}
,"C:\\Users\\erodionova\\Documents\\Git\\REACT2024Q3\\class-components\\src\\interfaces\\Characters.ts": {"path":"C:\\Users\\erodionova\\Documents\\Git\\REACT2024Q3\\class-components\\src\\interfaces\\Characters.ts","all":false,"statementMap":{"7":{"start":{"line":8,"column":0},"end":{"line":8,"column":20}},"8":{"start":{"line":9,"column":0},"end":{"line":9,"column":16}},"9":{"start":{"line":10,"column":0},"end":{"line":10,"column":20}}},"s":{"7":1,"8":1,"9":1},"branchMap":{"0":{"type":"branch","line":8,"loc":{"start":{"line":8,"column":7},"end":{"line":8,"column":20}},"locations":[{"start":{"line":8,"column":7},"end":{"line":8,"column":20}}]}},"b":{"0":[9]},"fnMap":{},"f":{}}
,"C:\\Users\\erodionova\\Documents\\Git\\REACT2024Q3\\class-components\\src\\services\\CharacterService.ts": {"path":"C:\\Users\\erodionova\\Documents\\Git\\REACT2024Q3\\class-components\\src\\services\\CharacterService.ts","all":false,"statementMap":{"0":{"start":{"line":1,"column":0},"end":{"line":1,"column":8}},"4":{"start":{"line":5,"column":0},"end":{"line":5,"column":38}},"19":{"start":{"line":20,"column":0},"end":{"line":20,"column":33}},"20":{"start":{"line":21,"column":0},"end":{"line":21,"column":31}},"21":{"start":{"line":22,"column":0},"end":{"line":22,"column":29}},"22":{"start":{"line":23,"column":0},"end":{"line":23,"column":37}},"23":{"start":{"line":24,"column":0},"end":{"line":24,"column":5}},"24":{"start":{"line":25,"column":0},"end":{"line":25,"column":26}},"25":{"start":{"line":26,"column":0},"end":{"line":26,"column":60}},"26":{"start":{"line":27,"column":0},"end":{"line":27,"column":24}},"27":{"start":{"line":28,"column":0},"end":{"line":28,"column":23}},"28":{"start":{"line":29,"column":0},"end":{"line":29,"column":17}},"29":{"start":{"line":30,"column":0},"end":{"line":30,"column":30}},"30":{"start":{"line":31,"column":0},"end":{"line":31,"column":34}},"31":{"start":{"line":32,"column":0},"end":{"line":32,"column":10}},"32":{"start":{"line":33,"column":0},"end":{"line":33,"column":9}},"33":{"start":{"line":34,"column":0},"end":{"line":34,"column":7}},"34":{"start":{"line":35,"column":0},"end":{"line":35,"column":53}},"35":{"start":{"line":36,"column":0},"end":{"line":36,"column":32}},"36":{"start":{"line":37,"column":0},"end":{"line":37,"column":38}},"37":{"start":{"line":38,"column":0},"end":{"line":38,"column":9}},"38":{"start":{"line":39,"column":0},"end":{"line":39,"column":7}},"39":{"start":{"line":40,"column":0},"end":{"line":40,"column":68}},"40":{"start":{"line":41,"column":0},"end":{"line":41,"column":78}},"41":{"start":{"line":42,"column":0},"end":{"line":42,"column":13}},"42":{"start":{"line":43,"column":0},"end":{"line":43,"column":80}},"43":{"start":{"line":44,"column":0},"end":{"line":44,"column":65}},"45":{"start":{"line":46,"column":0},"end":{"line":46,"column":70}},"46":{"start":{"line":47,"column":0},"end":{"line":47,"column":31}},"47":{"start":{"line":48,"column":0},"end":{"line":48,"column":47}},"48":{"start":{"line":49,"column":0},"end":{"line":49,"column":33}},"49":{"start":{"line":50,"column":0},"end":{"line":50,"column":80}},"50":{"start":{"line":51,"column":0},"end":{"line":51,"column":16}},"51":{"start":{"line":52,"column":0},"end":{"line":52,"column":33}},"52":{"start":{"line":53,"column":0},"end":{"line":53,"column":56}},"53":{"start":{"line":54,"column":0},"end":{"line":54,"column":43}},"54":{"start":{"line":55,"column":0},"end":{"line":55,"column":18}},"55":{"start":{"line":56,"column":0},"end":{"line":56,"column":16}},"56":{"start":{"line":57,"column":0},"end":{"line":57,"column":15}},"58":{"start":{"line":59,"column":0},"end":{"line":59,"column":63}},"60":{"start":{"line":61,"column":0},"end":{"line":61,"column":42}},"61":{"start":{"line":62,"column":0},"end":{"line":62,"column":62}},"62":{"start":{"line":63,"column":0},"end":{"line":63,"column":60}},"64":{"start":{"line":65,"column":0},"end":{"line":65,"column":44}},"65":{"start":{"line":66,"column":0},"end":{"line":66,"column":62}},"66":{"start":{"line":67,"column":0},"end":{"line":67,"column":61}},"68":{"start":{"line":69,"column":0},"end":{"line":69,"column":46}},"69":{"start":{"line":70,"column":0},"end":{"line":70,"column":22}},"70":{"start":{"line":71,"column":0},"end":{"line":71,"column":22}},"71":{"start":{"line":72,"column":0},"end":{"line":72,"column":21}},"72":{"start":{"line":73,"column":0},"end":{"line":73,"column":22}},"73":{"start":{"line":74,"column":0},"end":{"line":74,"column":12}},"75":{"start":{"line":76,"column":0},"end":{"line":76,"column":35}},"76":{"start":{"line":77,"column":0},"end":{"line":77,"column":25}},"77":{"start":{"line":78,"column":0},"end":{"line":78,"column":57}},"78":{"start":{"line":79,"column":0},"end":{"line":79,"column":9}},"79":{"start":{"line":80,"column":0},"end":{"line":80,"column":8}},"80":{"start":{"line":81,"column":0},"end":{"line":81,"column":7}},"81":{"start":{"line":82,"column":0},"end":{"line":82,"column":5}},"82":{"start":{"line":83,"column":0},"end":{"line":83,"column":3}},"84":{"start":{"line":85,"column":0},"end":{"line":85,"column":29}}},"s":{"0":1,"4":1,"19":1,"20":1,"21":1,"22":1,"23":1,"24":1,"25":4,"26":4,"27":0,"28":0,"29":0,"30":0,"31":0,"32":0,"33":4,"34":4,"35":4,"36":0,"37":0,"38":4,"39":4,"40":4,"41":0,"42":0,"43":0,"45":0,"46":0,"47":0,"48":0,"49":0,"50":0,"51":0,"52":0,"53":0,"54":0,"55":0,"56":0,"58":0,"60":0,"61":0,"62":0,"64":0,"65":0,"66":0,"68":0,"69":0,"70":0,"71":0,"72":0,"73":0,"75":0,"76":0,"77":0,"78":0,"79":0,"80":4,"81":4,"82":1,"84":1},"branchMap":{"0":{"type":"branch","line":25,"loc":{"start":{"line":25,"column":13},"end":{"line":82,"column":5}},"locations":[{"start":{"line":25,"column":13},"end":{"line":82,"column":5}}]}},"b":{"0":[4]},"fnMap":{"0":{"name":"endpoints","decl":{"start":{"line":25,"column":13},"end":{"line":82,"column":5}},"loc":{"start":{"line":25,"column":13},"end":{"line":82,"column":5}},"line":25},"1":{"name":"query","decl":{"start":{"line":27,"column":13},"end":{"line":33,"column":9}},"loc":{"start":{"line":27,"column":13},"end":{"line":33,"column":9}},"line":27},"2":{"name":"query","decl":{"start":{"line":36,"column":13},"end":{"line":38,"column":9}},"loc":{"start":{"line":36,"column":13},"end":{"line":38,"column":9}},"line":36},"3":{"name":"queryFn","decl":{"start":{"line":41,"column":15},"end":{"line":80,"column":8}},"loc":{"start":{"line":41,"column":15},"end":{"line":80,"column":8}},"line":41}},"f":{"0":4,"1":0,"2":0,"3":0}}
,"C:\\Users\\erodionova\\Documents\\Git\\REACT2024Q3\\class-components\\src\\store\\store.ts": {"path":"C:\\Users\\erodionova\\Documents\\Git\\REACT2024Q3\\class-components\\src\\store\\store.ts","all":false,"statementMap":{"0":{"start":{"line":1,"column":0},"end":{"line":1,"column":67}},"2":{"start":{"line":3,"column":0},"end":{"line":3,"column":57}},"3":{"start":{"line":4,"column":0},"end":{"line":4,"column":56}},"4":{"start":{"line":5,"column":0},"end":{"line":5,"column":54}},"5":{"start":{"line":6,"column":0},"end":{"line":6,"column":58}},"6":{"start":{"line":7,"column":0},"end":{"line":7,"column":44}},"8":{"start":{"line":9,"column":0},"end":{"line":9,"column":37}},"9":{"start":{"line":10,"column":0},"end":{"line":10,"column":21}},"10":{"start":{"line":11,"column":0},"end":{"line":11,"column":20}},"11":{"start":{"line":12,"column":0},"end":{"line":12,"column":22}},"12":{"start":{"line":13,"column":0},"end":{"line":13,"column":15}},"13":{"start":{"line":14,"column":0},"end":{"line":14,"column":53}},"14":{"start":{"line":15,"column":0},"end":{"line":15,"column":3}},"16":{"start":{"line":17,"column":0},"end":{"line":17,"column":31}},"17":{"start":{"line":18,"column":0},"end":{"line":18,"column":18}},"18":{"start":{"line":19,"column":0},"end":{"line":19,"column":25}},"19":{"start":{"line":20,"column":0},"end":{"line":20,"column":41}},"20":{"start":{"line":21,"column":0},"end":{"line":21,"column":62}},"21":{"start":{"line":22,"column":0},"end":{"line":22,"column":5}}},"s":{"0":1,"2":1,"3":1,"4":1,"5":1,"6":1,"8":1,"9":1,"10":1,"11":1,"12":1,"13":1,"14":1,"16":1,"17":1,"18":1,"19":1,"20":1,"21":1},"branchMap":{"0":{"type":"branch","line":17,"loc":{"start":{"line":17,"column":26},"end":{"line":22,"column":5}},"locations":[{"start":{"line":17,"column":26},"end":{"line":22,"column":5}}]},"1":{"type":"branch","line":20,"loc":{"start":{"line":20,"column":16},"end":{"line":21,"column":62}},"locations":[{"start":{"line":20,"column":16},"end":{"line":21,"column":62}}]}},"b":{"0":[1],"1":[1]},"fnMap":{"0":{"name":"setupStore","decl":{"start":{"line":17,"column":26},"end":{"line":22,"column":5}},"loc":{"start":{"line":17,"column":26},"end":{"line":22,"column":5}},"line":17},"1":{"name":"middleware","decl":{"start":{"line":20,"column":16},"end":{"line":21,"column":62}},"loc":{"start":{"line":20,"column":16},"end":{"line":21,"column":62}},"line":20}},"f":{"0":1,"1":1}}
,"C:\\Users\\erodionova\\Documents\\Git\\REACT2024Q3\\class-components\\src\\store\\reducers\\Characters.ts": {"path":"C:\\Users\\erodionova\\Documents\\Git\\REACT2024Q3\\class-components\\src\\store\\reducers\\Characters.ts","all":false,"statementMap":{"0":{"start":{"line":1,"column":0},"end":{"line":1,"column":62}},"7":{"start":{"line":8,"column":0},"end":{"line":8,"column":40}},"8":{"start":{"line":9,"column":0},"end":{"line":9,"column":17}},"9":{"start":{"line":10,"column":0},"end":{"line":10,"column":2}},"11":{"start":{"line":12,"column":0},"end":{"line":12,"column":44}},"12":{"start":{"line":13,"column":0},"end":{"line":13,"column":21}},"13":{"start":{"line":14,"column":0},"end":{"line":14,"column":15}},"14":{"start":{"line":15,"column":0},"end":{"line":15,"column":13}},"15":{"start":{"line":16,"column":0},"end":{"line":16,"column":69}},"16":{"start":{"line":17,"column":0},"end":{"line":17,"column":26}},"17":{"start":{"line":18,"column":0},"end":{"line":18,"column":40}},"18":{"start":{"line":19,"column":0},"end":{"line":19,"column":6}},"19":{"start":{"line":20,"column":0},"end":{"line":20,"column":4}},"20":{"start":{"line":21,"column":0},"end":{"line":21,"column":3}},"22":{"start":{"line":23,"column":0},"end":{"line":23,"column":39}}},"s":{"0":1,"7":1,"8":1,"9":1,"11":1,"12":1,"13":1,"14":1,"15":1,"16":1,"17":1,"18":1,"19":1,"20":1,"22":1},"branchMap":{"0":{"type":"branch","line":16,"loc":{"start":{"line":16,"column":4},"end":{"line":19,"column":6}},"locations":[{"start":{"line":16,"column":4},"end":{"line":19,"column":6}}]}},"b":{"0":[1]},"fnMap":{"0":{"name":"setCharacters","decl":{"start":{"line":16,"column":4},"end":{"line":19,"column":6}},"loc":{"start":{"line":16,"column":4},"end":{"line":19,"column":6}},"line":16}},"f":{"0":1}}
,"C:\\Users\\erodionova\\Documents\\Git\\REACT2024Q3\\class-components\\src\\store\\reducers\\CurrentPage.ts": {"path":"C:\\Users\\erodionova\\Documents\\Git\\REACT2024Q3\\class-components\\src\\store\\reducers\\CurrentPage.ts","all":false,"statementMap":{"0":{"start":{"line":1,"column":0},"end":{"line":1,"column":62}},"2":{"start":{"line":3,"column":0},"end":{"line":3,"column":22}},"3":{"start":{"line":4,"column":0},"end":{"line":4,"column":10}},"4":{"start":{"line":5,"column":0},"end":{"line":5,"column":2}},"6":{"start":{"line":7,"column":0},"end":{"line":7,"column":45}},"7":{"start":{"line":8,"column":0},"end":{"line":8,"column":22}},"8":{"start":{"line":9,"column":0},"end":{"line":9,"column":15}},"9":{"start":{"line":10,"column":0},"end":{"line":10,"column":13}},"10":{"start":{"line":11,"column":0},"end":{"line":11,"column":22}},"11":{"start":{"line":12,"column":0},"end":{"line":12,"column":26}},"12":{"start":{"line":13,"column":0},"end":{"line":13,"column":22}},"13":{"start":{"line":14,"column":0},"end":{"line":14,"column":6}},"14":{"start":{"line":15,"column":0},"end":{"line":15,"column":22}},"15":{"start":{"line":16,"column":0},"end":{"line":16,"column":26}},"16":{"start":{"line":17,"column":0},"end":{"line":17,"column":22}},"17":{"start":{"line":18,"column":0},"end":{"line":18,"column":6}},"18":{"start":{"line":19,"column":0},"end":{"line":19,"column":51}},"19":{"start":{"line":20,"column":0},"end":{"line":20,"column":26}},"20":{"start":{"line":21,"column":0},"end":{"line":21,"column":34}},"21":{"start":{"line":22,"column":0},"end":{"line":22,"column":6}},"22":{"start":{"line":23,"column":0},"end":{"line":23,"column":4}},"23":{"start":{"line":24,"column":0},"end":{"line":24,"column":3}},"25":{"start":{"line":26,"column":0},"end":{"line":26,"column":40}}},"s":{"0":1,"2":1,"3":1,"4":1,"6":1,"7":1,"8":1,"9":1,"10":1,"11":1,"12":1,"13":1,"14":1,"15":1,"16":1,"17":1,"18":1,"19":2,"20":2,"21":2,"22":1,"23":1,"25":1},"branchMap":{"0":{"type":"branch","line":11,"loc":{"start":{"line":11,"column":4},"end":{"line":14,"column":6}},"locations":[{"start":{"line":11,"column":4},"end":{"line":14,"column":6}}]},"1":{"type":"branch","line":15,"loc":{"start":{"line":15,"column":4},"end":{"line":18,"column":6}},"locations":[{"start":{"line":15,"column":4},"end":{"line":18,"column":6}}]},"2":{"type":"branch","line":19,"loc":{"start":{"line":19,"column":4},"end":{"line":22,"column":6}},"locations":[{"start":{"line":19,"column":4},"end":{"line":22,"column":6}}]}},"b":{"0":[1],"1":[1],"2":[2]},"fnMap":{"0":{"name":"increment","decl":{"start":{"line":11,"column":4},"end":{"line":14,"column":6}},"loc":{"start":{"line":11,"column":4},"end":{"line":14,"column":6}},"line":11},"1":{"name":"decrement","decl":{"start":{"line":15,"column":4},"end":{"line":18,"column":6}},"loc":{"start":{"line":15,"column":4},"end":{"line":18,"column":6}},"line":15},"2":{"name":"setPage","decl":{"start":{"line":19,"column":4},"end":{"line":22,"column":6}},"loc":{"start":{"line":19,"column":4},"end":{"line":22,"column":6}},"line":19}},"f":{"0":1,"1":1,"2":2}}
,"C:\\Users\\erodionova\\Documents\\Git\\REACT2024Q3\\class-components\\src\\store\\reducers\\CurrentQuery.ts": {"path":"C:\\Users\\erodionova\\Documents\\Git\\REACT2024Q3\\class-components\\src\\store\\reducers\\CurrentQuery.ts","all":false,"statementMap":{"0":{"start":{"line":1,"column":0},"end":{"line":1,"column":62}},"2":{"start":{"line":3,"column":0},"end":{"line":3,"column":22}},"3":{"start":{"line":4,"column":0},"end":{"line":4,"column":12}},"4":{"start":{"line":5,"column":0},"end":{"line":5,"column":2}},"6":{"start":{"line":7,"column":0},"end":{"line":7,"column":46}},"7":{"start":{"line":8,"column":0},"end":{"line":8,"column":25}},"8":{"start":{"line":9,"column":0},"end":{"line":9,"column":15}},"9":{"start":{"line":10,"column":0},"end":{"line":10,"column":13}},"10":{"start":{"line":11,"column":0},"end":{"line":11,"column":52}},"11":{"start":{"line":12,"column":0},"end":{"line":12,"column":26}},"12":{"start":{"line":13,"column":0},"end":{"line":13,"column":35}},"13":{"start":{"line":14,"column":0},"end":{"line":14,"column":6}},"14":{"start":{"line":15,"column":0},"end":{"line":15,"column":4}},"15":{"start":{"line":16,"column":0},"end":{"line":16,"column":3}},"17":{"start":{"line":18,"column":0},"end":{"line":18,"column":41}}},"s":{"0":1,"2":1,"3":1,"4":1,"6":1,"7":1,"8":1,"9":1,"10":1,"11":2,"12":2,"13":2,"14":1,"15":1,"17":1},"branchMap":{"0":{"type":"branch","line":11,"loc":{"start":{"line":11,"column":4},"end":{"line":14,"column":6}},"locations":[{"start":{"line":11,"column":4},"end":{"line":14,"column":6}}]}},"b":{"0":[2]},"fnMap":{"0":{"name":"setQuery","decl":{"start":{"line":11,"column":4},"end":{"line":14,"column":6}},"loc":{"start":{"line":11,"column":4},"end":{"line":14,"column":6}},"line":11}},"f":{"0":2}}
,"C:\\Users\\erodionova\\Documents\\Git\\REACT2024Q3\\class-components\\src\\store\\reducers\\Items.ts": {"path":"C:\\Users\\erodionova\\Documents\\Git\\REACT2024Q3\\class-components\\src\\store\\reducers\\Items.ts","all":false,"statementMap":{"0":{"start":{"line":1,"column":0},"end":{"line":1,"column":62}},"4":{"start":{"line":5,"column":0},"end":{"line":5,"column":53}},"5":{"start":{"line":6,"column":0},"end":{"line":6,"column":12}},"6":{"start":{"line":7,"column":0},"end":{"line":7,"column":2}},"8":{"start":{"line":9,"column":0},"end":{"line":9,"column":39}},"9":{"start":{"line":10,"column":0},"end":{"line":10,"column":16}},"10":{"start":{"line":11,"column":0},"end":{"line":11,"column":15}},"11":{"start":{"line":12,"column":0},"end":{"line":12,"column":13}},"12":{"start":{"line":13,"column":0},"end":{"line":13,"column":61}},"13":{"start":{"line":14,"column":0},"end":{"line":14,"column":26}},"14":{"start":{"line":15,"column":0},"end":{"line":15,"column":53}},"15":{"start":{"line":16,"column":0},"end":{"line":16,"column":6}},"16":{"start":{"line":17,"column":0},"end":{"line":17,"column":54}},"17":{"start":{"line":18,"column":0},"end":{"line":18,"column":26}},"18":{"start":{"line":19,"column":0},"end":{"line":19,"column":77}},"19":{"start":{"line":20,"column":0},"end":{"line":20,"column":6}},"20":{"start":{"line":21,"column":0},"end":{"line":21,"column":22}},"21":{"start":{"line":22,"column":0},"end":{"line":22,"column":26}},"22":{"start":{"line":23,"column":0},"end":{"line":23,"column":23}},"23":{"start":{"line":24,"column":0},"end":{"line":24,"column":6}},"24":{"start":{"line":25,"column":0},"end":{"line":25,"column":4}},"25":{"start":{"line":26,"column":0},"end":{"line":26,"column":3}},"27":{"start":{"line":28,"column":0},"end":{"line":28,"column":34}}},"s":{"0":1,"4":1,"5":1,"6":1,"8":1,"9":1,"10":1,"11":1,"12":1,"13":3,"14":3,"15":3,"16":1,"17":2,"18":2,"19":2,"20":1,"21":2,"22":2,"23":2,"24":1,"25":1,"27":1},"branchMap":{"0":{"type":"branch","line":13,"loc":{"start":{"line":13,"column":4},"end":{"line":16,"column":6}},"locations":[{"start":{"line":13,"column":4},"end":{"line":16,"column":6}}]},"1":{"type":"branch","line":17,"loc":{"start":{"line":17,"column":4},"end":{"line":20,"column":6}},"locations":[{"start":{"line":17,"column":4},"end":{"line":20,"column":6}}]},"2":{"type":"branch","line":19,"loc":{"start":{"line":19,"column":39},"end":{"line":19,"column":75}},"locations":[{"start":{"line":19,"column":39},"end":{"line":19,"column":75}}]},"3":{"type":"branch","line":21,"loc":{"start":{"line":21,"column":4},"end":{"line":24,"column":6}},"locations":[{"start":{"line":21,"column":4},"end":{"line":24,"column":6}}]}},"b":{"0":[3],"1":[2],"2":[5],"3":[2]},"fnMap":{"0":{"name":"addItem","decl":{"start":{"line":13,"column":4},"end":{"line":16,"column":6}},"loc":{"start":{"line":13,"column":4},"end":{"line":16,"column":6}},"line":13},"1":{"name":"removeItem","decl":{"start":{"line":17,"column":4},"end":{"line":20,"column":6}},"loc":{"start":{"line":17,"column":4},"end":{"line":20,"column":6}},"line":17},"2":{"name":"removeAll","decl":{"start":{"line":21,"column":4},"end":{"line":24,"column":6}},"loc":{"start":{"line":21,"column":4},"end":{"line":24,"column":6}},"line":21}},"f":{"0":3,"1":2,"2":2}}
,"C:\\Users\\erodionova\\Documents\\Git\\REACT2024Q3\\class-components\\src\\utils\\exportToCSV.ts": {"path":"C:\\Users\\erodionova\\Documents\\Git\\REACT2024Q3\\class-components\\src\\utils\\exportToCSV.ts","all":false,"statementMap":{"0":{"start":{"line":1,"column":0},"end":{"line":1,"column":36}},"4":{"start":{"line":5,"column":0},"end":{"line":5,"column":72}},"5":{"start":{"line":6,"column":0},"end":{"line":6,"column":34}},"6":{"start":{"line":7,"column":0},"end":{"line":7,"column":9}},"7":{"start":{"line":8,"column":0},"end":{"line":8,"column":15}},"8":{"start":{"line":9,"column":0},"end":{"line":9,"column":128}},"9":{"start":{"line":10,"column":0},"end":{"line":10,"column":5}},"10":{"start":{"line":11,"column":0},"end":{"line":11,"column":16}},"12":{"start":{"line":13,"column":0},"end":{"line":13,"column":60}},"14":{"start":{"line":15,"column":0},"end":{"line":15,"column":75}},"15":{"start":{"line":16,"column":0},"end":{"line":16,"column":25}},"16":{"start":{"line":17,"column":0},"end":{"line":17,"column":1}}},"s":{"0":1,"4":1,"5":1,"6":1,"7":1,"8":2,"9":1,"10":1,"12":1,"14":1,"15":1,"16":1},"branchMap":{"0":{"type":"branch","line":5,"loc":{"start":{"line":5,"column":0},"end":{"line":17,"column":1}},"locations":[{"start":{"line":5,"column":0},"end":{"line":17,"column":1}}]},"1":{"type":"branch","line":8,"loc":{"start":{"line":8,"column":6},"end":{"line":9,"column":128}},"locations":[{"start":{"line":8,"column":6},"end":{"line":9,"column":128}}]}},"b":{"0":[1],"1":[2]},"fnMap":{"0":{"name":"exportToCSV","decl":{"start":{"line":5,"column":0},"end":{"line":17,"column":1}},"loc":{"start":{"line":5,"column":0},"end":{"line":17,"column":1}},"line":5}},"f":{"0":1}}
,"C:\\Users\\erodionova\\Documents\\Git\\REACT2024Q3\\class-components\\src\\utils\\extractIdFromUrl.ts": {"path":"C:\\Users\\erodionova\\Documents\\Git\\REACT2024Q3\\class-components\\src\\utils\\extractIdFromUrl.ts","all":false,"statementMap":{"0":{"start":{"line":1,"column":0},"end":{"line":1,"column":70}},"1":{"start":{"line":2,"column":0},"end":{"line":2,"column":31}},"2":{"start":{"line":3,"column":0},"end":{"line":3,"column":38}},"4":{"start":{"line":5,"column":0},"end":{"line":5,"column":26}},"5":{"start":{"line":6,"column":0},"end":{"line":6,"column":36}},"6":{"start":{"line":7,"column":0},"end":{"line":7,"column":3}},"8":{"start":{"line":9,"column":0},"end":{"line":9,"column":33}},"9":{"start":{"line":10,"column":0},"end":{"line":10,"column":26}},"10":{"start":{"line":11,"column":0},"end":{"line":11,"column":14}},"11":{"start":{"line":12,"column":0},"end":{"line":12,"column":3}},"14":{"start":{"line":15,"column":0},"end":{"line":15,"column":69}},"15":{"start":{"line":16,"column":0},"end":{"line":16,"column":14}},"16":{"start":{"line":17,"column":0},"end":{"line":17,"column":1}}},"s":{"0":14,"1":14,"2":14,"4":14,"5":4,"6":4,"8":14,"9":14,"10":10,"11":10,"14":4,"15":4,"16":4},"branchMap":{"0":{"type":"branch","line":1,"loc":{"start":{"line":1,"column":0},"end":{"line":17,"column":1}},"locations":[{"start":{"line":1,"column":0},"end":{"line":17,"column":1}}]},"1":{"type":"branch","line":5,"loc":{"start":{"line":5,"column":25},"end":{"line":7,"column":3}},"locations":[{"start":{"line":5,"column":25},"end":{"line":7,"column":3}}]},"2":{"type":"branch","line":10,"loc":{"start":{"line":10,"column":25},"end":{"line":12,"column":3}},"locations":[{"start":{"line":10,"column":25},"end":{"line":12,"column":3}}]},"3":{"type":"branch","line":12,"loc":{"start":{"line":12,"column":2},"end":{"line":17,"column":1}},"locations":[{"start":{"line":12,"column":2},"end":{"line":17,"column":1}}]}},"b":{"0":[14],"1":[4],"2":[10],"3":[4]},"fnMap":{"0":{"name":"extractIdFromUrl","decl":{"start":{"line":1,"column":0},"end":{"line":17,"column":1}},"loc":{"start":{"line":1,"column":0},"end":{"line":17,"column":1}},"line":1}},"f":{"0":14}}
,"C:\\Users\\erodionova\\Documents\\Git\\REACT2024Q3\\class-components\\src\\views\\ErrorPage\\ErrorPage.tsx": {"path":"C:\\Users\\erodionova\\Documents\\Git\\REACT2024Q3\\class-components\\src\\views\\ErrorPage\\ErrorPage.tsx","all":false,"statementMap":{"0":{"start":{"line":1,"column":0},"end":{"line":1,"column":40}},"2":{"start":{"line":3,"column":0},"end":{"line":3,"column":37}},"3":{"start":{"line":4,"column":0},"end":{"line":4,"column":10}},"4":{"start":{"line":5,"column":0},"end":{"line":5,"column":9}},"5":{"start":{"line":6,"column":0},"end":{"line":6,"column":18}},"6":{"start":{"line":7,"column":0},"end":{"line":7,"column":9}},"7":{"start":{"line":8,"column":0},"end":{"line":8,"column":55}},"8":{"start":{"line":9,"column":0},"end":{"line":9,"column":10}},"9":{"start":{"line":10,"column":0},"end":{"line":10,"column":10}},"11":{"start":{"line":12,"column":0},"end":{"line":12,"column":1}}},"s":{"0":1,"2":1,"3":1,"4":1,"5":1,"6":1,"7":1,"8":1,"9":1,"11":1},"branchMap":{"0":{"type":"branch","line":3,"loc":{"start":{"line":3,"column":0},"end":{"line":12,"column":1}},"locations":[{"start":{"line":3,"column":0},"end":{"line":12,"column":1}}]}},"b":{"0":[1]},"fnMap":{"0":{"name":"ErrorPage","decl":{"start":{"line":3,"column":0},"end":{"line":12,"column":1}},"loc":{"start":{"line":3,"column":0},"end":{"line":12,"column":1}},"line":3}},"f":{"0":1}}
,"C:\\Users\\erodionova\\Documents\\Git\\REACT2024Q3\\class-components\\src\\views\\HomePage\\HomePage.tsx": {"path":"C:\\Users\\erodionova\\Documents\\Git\\REACT2024Q3\\class-components\\src\\views\\HomePage\\HomePage.tsx","all":false,"statementMap":{"0":{"start":{"line":1,"column":0},"end":{"line":1,"column":42}},"1":{"start":{"line":2,"column":0},"end":{"line":2,"column":54}},"3":{"start":{"line":4,"column":0},"end":{"line":4,"column":61}},"4":{"start":{"line":5,"column":0},"end":{"line":5,"column":58}},"5":{"start":{"line":6,"column":0},"end":{"line":6,"column":49}},"7":{"start":{"line":8,"column":0},"end":{"line":8,"column":43}},"9":{"start":{"line":10,"column":0},"end":{"line":10,"column":36}},"10":{"start":{"line":11,"column":0},"end":{"line":11,"column":66}},"12":{"start":{"line":13,"column":0},"end":{"line":13,"column":10}},"13":{"start":{"line":14,"column":0},"end":{"line":14,"column":6}},"14":{"start":{"line":15,"column":0},"end":{"line":15,"column":42}},"15":{"start":{"line":16,"column":0},"end":{"line":16,"column":21}},"16":{"start":{"line":17,"column":0},"end":{"line":17,"column":12}},"17":{"start":{"line":18,"column":0},"end":{"line":18,"column":38}},"18":{"start":{"line":19,"column":0},"end":{"line":19,"column":43}},"19":{"start":{"line":20,"column":0},"end":{"line":20,"column":22}},"20":{"start":{"line":21,"column":0},"end":{"line":21,"column":14}},"21":{"start":{"line":22,"column":0},"end":{"line":22,"column":44}},"22":{"start":{"line":23,"column":0},"end":{"line":23,"column":20}},"23":{"start":{"line":24,"column":0},"end":{"line":24,"column":14}},"24":{"start":{"line":25,"column":0},"end":{"line":25,"column":41}},"25":{"start":{"line":26,"column":0},"end":{"line":26,"column":12}},"26":{"start":{"line":27,"column":0},"end":{"line":27,"column":7}},"28":{"start":{"line":29,"column":0},"end":{"line":29,"column":1}}},"s":{"0":1,"1":1,"3":1,"4":1,"5":1,"7":1,"9":3,"10":3,"12":3,"13":3,"14":3,"15":3,"16":3,"17":3,"18":3,"19":3,"20":3,"21":3,"22":3,"23":3,"24":3,"25":3,"26":3,"28":3},"branchMap":{"0":{"type":"branch","line":10,"loc":{"start":{"line":10,"column":0},"end":{"line":29,"column":1}},"locations":[{"start":{"line":10,"column":0},"end":{"line":29,"column":1}}]},"1":{"type":"branch","line":25,"loc":{"start":{"line":25,"column":26},"end":{"line":25,"column":41}},"locations":[{"start":{"line":25,"column":26},"end":{"line":25,"column":41}}]},"2":{"type":"branch","line":11,"loc":{"start":{"line":11,"column":35},"end":{"line":11,"column":64}},"locations":[{"start":{"line":11,"column":35},"end":{"line":11,"column":64}}]}},"b":{"0":[3],"1":[1],"2":[6]},"fnMap":{"0":{"name":"HomePage","decl":{"start":{"line":10,"column":0},"end":{"line":29,"column":1}},"loc":{"start":{"line":10,"column":0},"end":{"line":29,"column":1}},"line":10}},"f":{"0":3}}
,"C:\\Users\\erodionova\\Documents\\Git\\REACT2024Q3\\class-components\\src\\views\\Layout\\Layout.tsx": {"path":"C:\\Users\\erodionova\\Documents\\Git\\REACT2024Q3\\class-components\\src\\views\\Layout\\Layout.tsx","all":false,"statementMap":{"0":{"start":{"line":1,"column":0},"end":{"line":1,"column":42}},"1":{"start":{"line":2,"column":0},"end":{"line":2,"column":52}},"2":{"start":{"line":3,"column":0},"end":{"line":3,"column":52}},"4":{"start":{"line":5,"column":0},"end":{"line":5,"column":59}},"6":{"start":{"line":7,"column":0},"end":{"line":7,"column":41}},"8":{"start":{"line":9,"column":0},"end":{"line":9,"column":34}},"9":{"start":{"line":10,"column":0},"end":{"line":10,"column":10}},"10":{"start":{"line":11,"column":0},"end":{"line":11,"column":19}},"11":{"start":{"line":12,"column":0},"end":{"line":12,"column":16}},"12":{"start":{"line":13,"column":0},"end":{"line":13,"column":36}},"13":{"start":{"line":14,"column":0},"end":{"line":14,"column":18}},"14":{"start":{"line":15,"column":0},"end":{"line":15,"column":13}},"15":{"start":{"line":16,"column":0},"end":{"line":16,"column":16}},"16":{"start":{"line":17,"column":0},"end":{"line":17,"column":20}},"18":{"start":{"line":19,"column":0},"end":{"line":19,"column":1}}},"s":{"0":1,"1":1,"2":1,"4":1,"6":1,"8":3,"9":3,"10":3,"11":3,"12":3,"13":3,"14":3,"15":3,"16":3,"18":3},"branchMap":{"0":{"type":"branch","line":9,"loc":{"start":{"line":9,"column":0},"end":{"line":19,"column":1}},"locations":[{"start":{"line":9,"column":0},"end":{"line":19,"column":1}}]}},"b":{"0":[3]},"fnMap":{"0":{"name":"Layout","decl":{"start":{"line":9,"column":0},"end":{"line":19,"column":1}},"loc":{"start":{"line":9,"column":0},"end":{"line":19,"column":1}},"line":9}},"f":{"0":3}}
}
